[19:37:52.592][info] [#0:/home/mccleve/.local/share/nvim/mason/packages/lua-language-server/libexec/main.lua:66]: Lua Lsp startup, root: 	/home/mccleve/.local/share/nvim/mason/packages/lua-language-server/libexec
[19:37:52.593][info] [#0:/home/mccleve/.local/share/nvim/mason/packages/lua-language-server/libexec/main.lua:67]: ROOT:	/home/mccleve/.local/share/nvim/mason/packages/lua-language-server/libexec
[19:37:52.593][info] [#0:/home/mccleve/.local/share/nvim/mason/packages/lua-language-server/libexec/main.lua:68]: LOGPATH:	/home/mccleve/.local/share/nvim/mason/packages/lua-language-server/libexec/log
[19:37:52.593][info] [#0:/home/mccleve/.local/share/nvim/mason/packages/lua-language-server/libexec/main.lua:69]: METAPATH:	/home/mccleve/.local/share/nvim/mason/packages/lua-language-server/libexec/meta
[19:37:52.594][info] [#0:/home/mccleve/.local/share/nvim/mason/packages/lua-language-server/libexec/main.lua:70]: VERSION:	3.6.23
[19:37:52.676][info] [#0:script/service/service.lua:144]: 
========= Medical Examination Report =========
    --------------- Memory ---------------
        Total: 1.319 MB
        # 00 : 1.319 MB
        # 01 : 0.000 MB
        # 02 : 0.000 MB
        # 03 : 0.000 MB
        # 04 : 0.000 MB
    --------------- Coroutine ---------------
        Total:     0
        Running:   0
        Suspended: 0
        Normal:    0
        Dead:      0
    --------------- Cache ---------------
        Total: 1
        Dead:  0
    ---------------  RPC  ---------------
        Holdon:   0
        Waiting:  0
==============================================
[19:37:52.692][info] [#0:script/client.lua:657]: Client init	{
  capabilities = {
    general = {
      positionEncodings = { "utf-16" }
    },
    textDocument = {
      callHierarchy = {
        dynamicRegistration = false
      },
      codeAction = {
        codeActionLiteralSupport = {
          codeActionKind = {
            valueSet = { "", "quickfix", "refactor", "refactor.extract", "refactor.inline", "refactor.rewrite", "source", "source.organizeImports" }
          }
        },
        dataSupport = true,
        dynamicRegistration = true,
        isPreferredSupport = true,
        resolveSupport = {
          properties = { "edit" }
        }
      },
      completion = {
        completionItem = {
          commitCharactersSupport = true,
          deprecatedSupport = true,
          documentationFormat = { "markdown", "plaintext" },
          insertReplaceSupport = true,
          labelDetailsSupport = true,
          preselectSupport = true,
          resolveSupport = {
            properties = { "documentation", "detail", "additionalTextEdits" }
          },
          snippetSupport = true,
          tagSupport = {
            valueSet = { 1 }
          }
        },
        completionItemKind = {
          valueSet = { 1, 2, 3, 4, 5, 6, 7, 8, 9, 10, 11, 12, 13, 14, 15, 16, 17, 18, 19, 20, 21, 22, 23, 24, 25 }
        },
        contextSupport = false,
        dynamicRegistration = false
      },
      declaration = {
        linkSupport = true
      },
      definition = {
        dynamicRegistration = true,
        linkSupport = true
      },
      documentHighlight = {
        dynamicRegistration = false
      },
      documentSymbol = {
        dynamicRegistration = false,
        hierarchicalDocumentSymbolSupport = true,
        symbolKind = {
          valueSet = { 1, 2, 3, 4, 5, 6, 7, 8, 9, 10, 11, 12, 13, 14, 15, 16, 17, 18, 19, 20, 21, 22, 23, 24, 25, 26 }
        }
      },
      formatting = {
        dynamicRegistration = true
      },
      hover = {
        contentFormat = { "markdown", "plaintext" },
        dynamicRegistration = true
      },
      implementation = {
        linkSupport = true
      },
      inlayHint = {
        dynamicRegistration = true,
        resolveSupport = {
          properties = {}
        }
      },
      publishDiagnostics = {
        relatedInformation = true,
        tagSupport = {
          valueSet = { 1, 2 }
        }
      },
      rangeFormatting = {
        dynamicRegistration = true
      },
      references = {
        dynamicRegistration = false
      },
      rename = {
        dynamicRegistration = true,
        prepareSupport = true
      },
      semanticTokens = {
        augmentsSyntaxTokens = true,
        dynamicRegistration = false,
        formats = { "relative" },
        multilineTokenSupport = false,
        overlappingTokenSupport = true,
        requests = {
          full = {
            delta = true
          },
          range = false
        },
        serverCancelSupport = false,
        tokenModifiers = { "declaration", "definition", "readonly", "static", "deprecated", "abstract", "async", "modification", "documentation", "defaultLibrary" },
        tokenTypes = { "namespace", "type", "class", "enum", "interface", "struct", "typeParameter", "parameter", "variable", "property", "enumMember", "event", "function", "method", "macro", "keyword", "modifier", "comment", "string", "number", "regexp", "operator", "decorator" }
      },
      signatureHelp = {
        dynamicRegistration = false,
        signatureInformation = {
          activeParameterSupport = true,
          documentationFormat = { "markdown", "plaintext" },
          parameterInformation = {
            labelOffsetSupport = true
          }
        }
      },
      synchronization = {
        didSave = true,
        dynamicRegistration = false,
        willSave = true,
        willSaveWaitUntil = true
      },
      typeDefinition = {
        linkSupport = true
      }
    },
    window = {
      showDocument = {
        support = true
      },
      showMessage = {
        messageActionItem = {
          additionalPropertiesSupport = false
        }
      },
      workDoneProgress = true
    },
    workspace = {
      applyEdit = true,
      configuration = true,
      didChangeWatchedFiles = {
        dynamicRegistration = true,
        relativePatternSupport = true
      },
      inlayHint = {
        refreshSupport = true
      },
      semanticTokens = {
        refreshSupport = true
      },
      symbol = {
        dynamicRegistration = false,
        hierarchicalWorkspaceSymbolSupport = true,
        symbolKind = {
          valueSet = { 1, 2, 3, 4, 5, 6, 7, 8, 9, 10, 11, 12, 13, 14, 15, 16, 17, 18, 19, 20, 21, 22, 23, 24, 25, 26 }
        }
      },
      workspaceEdit = {
        resourceOperations = { "rename", "create", "delete" }
      },
      workspaceFolders = true
    }
  },
  clientInfo = {
    name = "Neovim",
    version = "0.10.0-dev+gfbeef0d4e"
  },
  initializationOptions = {},
  processId = 22317,
  rootPath = "/home/mccleve/.config/nvim",
  rootUri = "file:///home/mccleve/.config/nvim",
  trace = "off",
  workspaceFolders = { {
      name = "/home/mccleve/.config/nvim",
      uri = "file:///home/mccleve/.config/nvim"
    } }
}
[19:37:52.693][info] [#0:script/language.lua:137]: VSC language: nil
[19:37:52.693][info] [#0:script/language.lua:138]: LS  language: en-us
[19:37:52.693][info] [#0:script/workspace/workspace.lua:38]: Workspace init root: 	file:///home/mccleve/.config/nvim
[19:37:52.693][info] [#0:script/workspace/workspace.lua:42]: Log path: 	/home/mccleve/.local/share/nvim/mason/packages/lua-language-server/libexec/log/file_home_mccleve_.config_nvim.log
[19:37:52.970][info] [#0:script/workspace/workspace.lua:48]: Workspace create: 	file:///home/mccleve/.config/nvim
[19:37:53.075][info] [#0:script/provider/provider.lua:46]: Load config from client	file:///home/mccleve/.config/nvim
[19:37:53.075][info] [#0:script/provider/provider.lua:47]: {
  Lua = {
    diagnostics = {
      globals = { "vim" }
    },
    telemetry = {
      enable = false
    },
    workspace = {
      library = {
        ["/home/mccleve/.local/share/nvim/lazy/extensions/nvchad_types"] = true,
        ["/home/mccleve/.local/share/nvim/lazy/lazy.nvim/lua/lazy"] = true,
        ["/usr/local/share/nvim/runtime/lua"] = true,
        ["/usr/local/share/nvim/runtime/lua/vim/lsp"] = true
      },
      maxPreload = 100000,
      preloadFileSize = 10000
    }
  }
}
[19:37:53.076][info] [#0:script/provider/provider.lua:46]: Load config from client	file:///home/mccleve/.config/nvim
[19:37:53.076][info] [#0:script/provider/provider.lua:47]: {
  Lua = {
    diagnostics = {
      globals = { "vim" }
    },
    telemetry = {
      enable = false
    },
    workspace = {
      library = {
        ["/home/mccleve/.local/share/nvim/lazy/extensions/nvchad_types"] = true,
        ["/home/mccleve/.local/share/nvim/lazy/lazy.nvim/lua/lazy"] = true,
        ["/usr/local/share/nvim/runtime/lua"] = true,
        ["/usr/local/share/nvim/runtime/lua/vim/lsp"] = true
      },
      maxPreload = 100000,
      preloadFileSize = 10000
    }
  }
}
[19:37:53.077][info] [#0:script/provider/provider.lua:46]: Load config from client	file:///home/mccleve/.config/nvim
[19:37:53.077][info] [#0:script/provider/provider.lua:47]: {
  Lua = {
    diagnostics = {
      globals = { "vim" }
    },
    telemetry = {
      enable = false
    },
    workspace = {
      library = {
        ["/home/mccleve/.local/share/nvim/lazy/extensions/nvchad_types"] = true,
        ["/home/mccleve/.local/share/nvim/lazy/lazy.nvim/lua/lazy"] = true,
        ["/usr/local/share/nvim/runtime/lua"] = true,
        ["/usr/local/share/nvim/runtime/lua/vim/lsp"] = true
      },
      maxPreload = 100000,
      preloadFileSize = 10000
    }
  }
}
[19:37:53.178][info] [#0:script/provider/provider.lua:61]: Load config from client	fallback
[19:37:53.178][info] [#0:script/provider/provider.lua:62]: {
  Lua = {
    diagnostics = {
      globals = { "vim" }
    },
    telemetry = {
      enable = false
    },
    workspace = {
      library = {
        ["/home/mccleve/.local/share/nvim/lazy/extensions/nvchad_types"] = true,
        ["/home/mccleve/.local/share/nvim/lazy/lazy.nvim/lua/lazy"] = true,
        ["/usr/local/share/nvim/runtime/lua"] = true,
        ["/usr/local/share/nvim/runtime/lua/vim/lsp"] = true
      },
      maxPreload = 100000,
      preloadFileSize = 10000
    }
  }
}
[19:37:53.178][info] [#0:script/library.lua:212]: Init builtin library at:	file:///home/mccleve/.config/nvim
[19:37:53.249][info] [#0:script/plugin.lua:86]: plugin path:	/home/mccleve/.config/nvim
[19:37:53.249][warn] [#0:script/plugin.lua:101]: plugin not found:	/home/mccleve/.config/nvim
[19:37:53.249][info] [#0:script/library.lua:212]: Init builtin library at:	nil
[19:37:53.293][info] [#0:script/provider/provider.lua:61]: Load config from client	fallback
[19:37:53.293][info] [#0:script/provider/provider.lua:62]: {
  Lua = {
    diagnostics = {
      globals = { "vim" }
    },
    telemetry = {
      enable = false
    },
    workspace = {
      library = {
        ["/home/mccleve/.local/share/nvim/lazy/extensions/nvchad_types"] = true,
        ["/home/mccleve/.local/share/nvim/lazy/lazy.nvim/lua/lazy"] = true,
        ["/usr/local/share/nvim/runtime/lua"] = true,
        ["/usr/local/share/nvim/runtime/lua/vim/lsp"] = true
      },
      maxPreload = 100000,
      preloadFileSize = 10000
    }
  }
}
[19:37:53.293][info] [#0:script/provider/provider.lua:61]: Load config from client	fallback
[19:37:53.294][info] [#0:script/provider/provider.lua:62]: {
  Lua = {
    diagnostics = {
      globals = { "vim" }
    },
    telemetry = {
      enable = false
    },
    workspace = {
      library = {
        ["/home/mccleve/.local/share/nvim/lazy/extensions/nvchad_types"] = true,
        ["/home/mccleve/.local/share/nvim/lazy/lazy.nvim/lua/lazy"] = true,
        ["/usr/local/share/nvim/runtime/lua"] = true,
        ["/usr/local/share/nvim/runtime/lua/vim/lsp"] = true
      },
      maxPreload = 100000,
      preloadFileSize = 10000
    }
  }
}
[19:37:53.294][info] [#0:script/workspace/workspace.lua:322]: Preload start:	file:///home/mccleve/.config/nvim
[19:37:53.302][info] [#0:script/workspace/workspace.lua:328]: Scan files at:	file:///home/mccleve/.config/nvim
[19:37:53.307][info] [#0:script/workspace/workspace.lua:322]: Preload start:	<fallback>
[19:37:53.311][info] [#0:script/workspace/workspace.lua:351]: Scan library at:	file:///home/mccleve/.local/share/nvim/mason/packages/lua-language-server/libexec/meta/Lua%205.4%20en-us%20utf8/string.lua
[19:37:53.312][info] [#0:script/workspace/workspace.lua:351]: Scan library at:	file:///usr/local/share/nvim/runtime/lua
[19:37:53.323][info] [#0:script/workspace/workspace.lua:351]: Scan library at:	file:///home/mccleve/.local/share/nvim/mason/packages/lua-language-server/libexec/meta/Lua%205.4%20en-us%20utf8/string.lua
[19:37:53.323][info] [#0:script/workspace/workspace.lua:351]: Scan library at:	file:///usr/local/share/nvim/runtime/lua
[19:37:53.333][info] [#0:script/workspace/workspace.lua:351]: Scan library at:	file:///usr/local/share/nvim/runtime/lua/vim/lsp
[19:37:53.337][info] [#0:script/workspace/workspace.lua:351]: Scan library at:	file:///home/mccleve/.local/share/nvim/lazy/lazy.nvim/lua/lazy
[19:37:53.342][info] [#0:script/workspace/workspace.lua:351]: Scan library at:	file:///usr/local/share/nvim/runtime/lua/vim/lsp
[19:37:53.350][info] [#0:script/workspace/workspace.lua:351]: Scan library at:	file:///home/mccleve/.local/share/nvim/lazy/lazy.nvim/lua/lazy
[19:37:53.356][info] [#0:script/workspace/workspace.lua:351]: Scan library at:	file:///home/mccleve/.local/share/nvim/mason/packages/lua-language-server/libexec/meta/Lua%205.4%20en-us%20utf8/package.lua
[19:37:53.356][info] [#0:script/workspace/workspace.lua:351]: Scan library at:	file:///home/mccleve/.local/share/nvim/mason/packages/lua-language-server/libexec/meta/Lua%205.4%20en-us%20utf8/basic.lua
[19:37:53.357][info] [#0:script/workspace/workspace.lua:351]: Scan library at:	file:///home/mccleve/.local/share/nvim/mason/packages/lua-language-server/libexec/meta/Lua%205.4%20en-us%20utf8/io.lua
[19:37:53.357][info] [#0:script/workspace/workspace.lua:351]: Scan library at:	file:///home/mccleve/.local/share/nvim/mason/packages/lua-language-server/libexec/meta/Lua%205.4%20en-us%20utf8/utf8.lua
[19:37:53.357][info] [#0:script/workspace/workspace.lua:351]: Scan library at:	file:///home/mccleve/.local/share/nvim/mason/packages/lua-language-server/libexec/meta/Lua%205.4%20en-us%20utf8/coroutine.lua
[19:37:53.357][info] [#0:script/workspace/workspace.lua:351]: Scan library at:	file:///home/mccleve/.local/share/nvim/mason/packages/lua-language-server/libexec/meta/Lua%205.4%20en-us%20utf8/builtin.lua
[19:37:53.358][info] [#0:script/workspace/workspace.lua:351]: Scan library at:	file:///home/mccleve/.local/share/nvim/lazy/extensions/nvchad_types
[19:37:53.359][info] [#0:script/workspace/workspace.lua:351]: Scan library at:	file:///home/mccleve/.local/share/nvim/mason/packages/lua-language-server/libexec/meta/Lua%205.4%20en-us%20utf8/debug.lua
[19:37:53.360][info] [#0:script/workspace/workspace.lua:351]: Scan library at:	file:///home/mccleve/.local/share/nvim/mason/packages/lua-language-server/libexec/meta/Lua%205.4%20en-us%20utf8/math.lua
[19:37:53.360][info] [#0:script/workspace/workspace.lua:351]: Scan library at:	file:///home/mccleve/.local/share/nvim/mason/packages/lua-language-server/libexec/meta/Lua%205.4%20en-us%20utf8/table.lua
[19:37:53.360][info] [#0:script/workspace/workspace.lua:351]: Scan library at:	file:///home/mccleve/.local/share/nvim/mason/packages/lua-language-server/libexec/meta/Lua%205.4%20en-us%20utf8/os.lua
[19:37:53.362][info] [#0:script/workspace/workspace.lua:351]: Scan library at:	file:///home/mccleve/.local/share/nvim/mason/packages/lua-language-server/libexec/meta/Lua%205.4%20en-us%20utf8/package.lua
[19:37:53.363][info] [#0:script/workspace/workspace.lua:351]: Scan library at:	file:///home/mccleve/.local/share/nvim/mason/packages/lua-language-server/libexec/meta/Lua%205.4%20en-us%20utf8/basic.lua
[19:37:53.363][info] [#0:script/workspace/workspace.lua:351]: Scan library at:	file:///home/mccleve/.local/share/nvim/mason/packages/lua-language-server/libexec/meta/Lua%205.4%20en-us%20utf8/io.lua
[19:37:53.363][info] [#0:script/workspace/workspace.lua:351]: Scan library at:	file:///home/mccleve/.local/share/nvim/mason/packages/lua-language-server/libexec/meta/Lua%205.4%20en-us%20utf8/utf8.lua
[19:37:53.363][info] [#0:script/workspace/workspace.lua:351]: Scan library at:	file:///home/mccleve/.local/share/nvim/mason/packages/lua-language-server/libexec/meta/Lua%205.4%20en-us%20utf8/coroutine.lua
[19:37:53.364][info] [#0:script/workspace/workspace.lua:351]: Scan library at:	file:///home/mccleve/.local/share/nvim/mason/packages/lua-language-server/libexec/meta/Lua%205.4%20en-us%20utf8/builtin.lua
[19:37:53.364][info] [#0:script/workspace/workspace.lua:351]: Scan library at:	file:///home/mccleve/.local/share/nvim/lazy/extensions/nvchad_types
[19:37:53.365][info] [#0:script/workspace/workspace.lua:351]: Scan library at:	file:///home/mccleve/.local/share/nvim/mason/packages/lua-language-server/libexec/meta/Lua%205.4%20en-us%20utf8/debug.lua
[19:37:53.365][info] [#0:script/workspace/workspace.lua:351]: Scan library at:	file:///home/mccleve/.local/share/nvim/mason/packages/lua-language-server/libexec/meta/Lua%205.4%20en-us%20utf8/math.lua
[19:37:53.365][info] [#0:script/workspace/workspace.lua:351]: Scan library at:	file:///home/mccleve/.local/share/nvim/mason/packages/lua-language-server/libexec/meta/Lua%205.4%20en-us%20utf8/table.lua
[19:37:53.365][info] [#0:script/workspace/workspace.lua:351]: Scan library at:	file:///home/mccleve/.local/share/nvim/mason/packages/lua-language-server/libexec/meta/Lua%205.4%20en-us%20utf8/os.lua
[19:37:53.466][info] [#0:script/workspace/workspace.lua:377]: Found 152 files at:	<fallback>
[19:37:53.466][info] [#0:script/workspace/loading.lua:161]: Load files from disk:	<fallback>
[19:37:53.467][info] [#0:script/workspace/workspace.lua:377]: Found 167 files at:	file:///home/mccleve/.config/nvim
[19:37:53.467][info] [#0:script/workspace/loading.lua:161]: Load files from disk:	file:///home/mccleve/.config/nvim
[19:37:53.469][info] [#0:script/workspace/loading.lua:101]: Preload file at: file:///home/mccleve/.local/share/nvim/mason/packages/lua-language-server/libexec/meta/Lua%205.4%20en-us%20utf8/os.lua , size = 4.347 KB
[19:37:53.477][info] [#0:script/workspace/loading.lua:113]: ++++As library of:	file:///home/mccleve/.local/share/nvim/mason/packages/lua-language-server/libexec/meta/Lua%205.4%20en-us%20utf8/os.lua
[19:37:53.477][info] [#0:script/workspace/loading.lua:98]: Skip loaded file: file:///home/mccleve/.local/share/nvim/mason/packages/lua-language-server/libexec/meta/Lua%205.4%20en-us%20utf8/os.lua
[19:37:53.477][info] [#0:script/workspace/loading.lua:101]: Preload file at: file:///home/mccleve/.local/share/nvim/mason/packages/lua-language-server/libexec/meta/Lua%205.4%20en-us%20utf8/table.lua , size = 4.230 KB
[19:37:53.485][info] [#0:script/workspace/loading.lua:113]: ++++As library of:	file:///home/mccleve/.local/share/nvim/mason/packages/lua-language-server/libexec/meta/Lua%205.4%20en-us%20utf8/table.lua
[19:37:53.485][info] [#0:script/workspace/loading.lua:98]: Skip loaded file: file:///home/mccleve/.local/share/nvim/mason/packages/lua-language-server/libexec/meta/Lua%205.4%20en-us%20utf8/table.lua
[19:37:53.485][info] [#0:script/workspace/loading.lua:101]: Preload file at: file:///home/mccleve/.local/share/nvim/mason/packages/lua-language-server/libexec/meta/Lua%205.4%20en-us%20utf8/math.lua , size = 8.731 KB
[19:37:53.494][info] [#0:script/workspace/loading.lua:113]: ++++As library of:	file:///home/mccleve/.local/share/nvim/mason/packages/lua-language-server/libexec/meta/Lua%205.4%20en-us%20utf8/math.lua
[19:37:53.494][info] [#0:script/workspace/loading.lua:98]: Skip loaded file: file:///home/mccleve/.local/share/nvim/mason/packages/lua-language-server/libexec/meta/Lua%205.4%20en-us%20utf8/math.lua
[19:37:53.494][info] [#0:script/workspace/loading.lua:101]: Preload file at: file:///home/mccleve/.local/share/nvim/mason/packages/lua-language-server/libexec/meta/Lua%205.4%20en-us%20utf8/debug.lua , size = 7.637 KB
[19:37:53.507][info] [#0:script/workspace/loading.lua:113]: ++++As library of:	file:///home/mccleve/.local/share/nvim/mason/packages/lua-language-server/libexec/meta/Lua%205.4%20en-us%20utf8/debug.lua
[19:37:53.507][info] [#0:script/workspace/loading.lua:98]: Skip loaded file: file:///home/mccleve/.local/share/nvim/mason/packages/lua-language-server/libexec/meta/Lua%205.4%20en-us%20utf8/debug.lua
[19:37:53.507][info] [#0:script/workspace/loading.lua:101]: Preload file at: file:///home/mccleve/.local/share/nvim/lazy/extensions/nvchad_types/all_hl_groups.lua , size = 32.131 KB
[19:37:53.536][info] [#0:script/workspace/loading.lua:113]: ++++As library of:	file:///home/mccleve/.local/share/nvim/lazy/extensions/nvchad_types
[19:37:53.536][info] [#0:script/workspace/loading.lua:98]: Skip loaded file: file:///home/mccleve/.local/share/nvim/lazy/extensions/nvchad_types/all_hl_groups.lua
[19:37:53.536][info] [#0:script/workspace/loading.lua:101]: Preload file at: file:///home/mccleve/.local/share/nvim/lazy/extensions/nvchad_types/base46.lua , size = 4.196 KB
[19:37:53.542][info] [#0:script/workspace/loading.lua:113]: ++++As library of:	file:///home/mccleve/.local/share/nvim/lazy/extensions/nvchad_types
[19:37:53.542][info] [#0:script/workspace/loading.lua:98]: Skip loaded file: file:///home/mccleve/.local/share/nvim/lazy/extensions/nvchad_types/base46.lua
[19:37:53.542][info] [#0:script/workspace/loading.lua:101]: Preload file at: file:///home/mccleve/.local/share/nvim/lazy/extensions/nvchad_types/chadrc.lua , size = 8.549 KB
[19:37:53.551][info] [#0:script/workspace/loading.lua:113]: ++++As library of:	file:///home/mccleve/.local/share/nvim/lazy/extensions/nvchad_types
[19:37:53.551][info] [#0:script/workspace/loading.lua:98]: Skip loaded file: file:///home/mccleve/.local/share/nvim/lazy/extensions/nvchad_types/chadrc.lua
[19:37:53.551][info] [#0:script/workspace/loading.lua:101]: Preload file at: file:///home/mccleve/.local/share/nvim/lazy/extensions/nvchad_types/keymaps.lua , size = 1.461 KB
[19:37:53.553][info] [#0:script/workspace/loading.lua:113]: ++++As library of:	file:///home/mccleve/.local/share/nvim/lazy/extensions/nvchad_types
[19:37:53.553][info] [#0:script/workspace/loading.lua:98]: Skip loaded file: file:///home/mccleve/.local/share/nvim/lazy/extensions/nvchad_types/keymaps.lua
[19:37:53.553][info] [#0:script/workspace/loading.lua:101]: Preload file at: file:///home/mccleve/.local/share/nvim/lazy/extensions/nvchad_types/plugins.lua , size = 5.674 KB
[19:37:53.557][info] [#0:script/workspace/loading.lua:113]: ++++As library of:	file:///home/mccleve/.local/share/nvim/lazy/extensions/nvchad_types
[19:37:53.558][info] [#0:script/workspace/loading.lua:98]: Skip loaded file: file:///home/mccleve/.local/share/nvim/lazy/extensions/nvchad_types/plugins.lua
[19:37:53.558][info] [#0:script/workspace/loading.lua:101]: Preload file at: file:///home/mccleve/.local/share/nvim/lazy/extensions/nvchad_types/themes.lua , size = 4.698 KB
[19:37:53.565][info] [#0:script/workspace/loading.lua:113]: ++++As library of:	file:///home/mccleve/.local/share/nvim/lazy/extensions/nvchad_types
[19:37:53.565][info] [#0:script/workspace/loading.lua:98]: Skip loaded file: file:///home/mccleve/.local/share/nvim/lazy/extensions/nvchad_types/themes.lua
[19:37:53.565][info] [#0:script/workspace/loading.lua:101]: Preload file at: file:///home/mccleve/.local/share/nvim/mason/packages/lua-language-server/libexec/meta/Lua%205.4%20en-us%20utf8/builtin.lua , size = 0.302 KB
[19:37:53.566][info] [#0:script/workspace/loading.lua:113]: ++++As library of:	file:///home/mccleve/.local/share/nvim/mason/packages/lua-language-server/libexec/meta/Lua%205.4%20en-us%20utf8/builtin.lua
[19:37:53.566][info] [#0:script/workspace/loading.lua:98]: Skip loaded file: file:///home/mccleve/.local/share/nvim/mason/packages/lua-language-server/libexec/meta/Lua%205.4%20en-us%20utf8/builtin.lua
[19:37:53.566][info] [#0:script/workspace/loading.lua:101]: Preload file at: file:///home/mccleve/.local/share/nvim/mason/packages/lua-language-server/libexec/meta/Lua%205.4%20en-us%20utf8/coroutine.lua , size = 2.590 KB
[19:37:53.577][info] [#0:script/workspace/loading.lua:113]: ++++As library of:	file:///home/mccleve/.local/share/nvim/mason/packages/lua-language-server/libexec/meta/Lua%205.4%20en-us%20utf8/coroutine.lua
[19:37:53.577][info] [#0:script/workspace/loading.lua:98]: Skip loaded file: file:///home/mccleve/.local/share/nvim/mason/packages/lua-language-server/libexec/meta/Lua%205.4%20en-us%20utf8/coroutine.lua
[19:37:53.577][info] [#0:script/workspace/loading.lua:101]: Preload file at: file:///home/mccleve/.local/share/nvim/mason/packages/lua-language-server/libexec/meta/Lua%205.4%20en-us%20utf8/utf8.lua , size = 2.386 KB
[19:37:53.580][info] [#0:script/workspace/loading.lua:113]: ++++As library of:	file:///home/mccleve/.local/share/nvim/mason/packages/lua-language-server/libexec/meta/Lua%205.4%20en-us%20utf8/utf8.lua
[19:37:53.580][info] [#0:script/workspace/loading.lua:98]: Skip loaded file: file:///home/mccleve/.local/share/nvim/mason/packages/lua-language-server/libexec/meta/Lua%205.4%20en-us%20utf8/utf8.lua
[19:37:53.580][info] [#0:script/workspace/loading.lua:101]: Preload file at: file:///home/mccleve/.local/share/nvim/mason/packages/lua-language-server/libexec/meta/Lua%205.4%20en-us%20utf8/io.lua , size = 6.364 KB
[19:37:53.586][info] [#0:script/workspace/loading.lua:113]: ++++As library of:	file:///home/mccleve/.local/share/nvim/mason/packages/lua-language-server/libexec/meta/Lua%205.4%20en-us%20utf8/io.lua
[19:37:53.586][info] [#0:script/workspace/loading.lua:98]: Skip loaded file: file:///home/mccleve/.local/share/nvim/mason/packages/lua-language-server/libexec/meta/Lua%205.4%20en-us%20utf8/io.lua
[19:37:53.586][info] [#0:script/workspace/loading.lua:101]: Preload file at: file:///home/mccleve/.local/share/nvim/mason/packages/lua-language-server/libexec/meta/Lua%205.4%20en-us%20utf8/basic.lua , size = 15.185 KB
[19:37:53.606][info] [#0:script/workspace/loading.lua:113]: ++++As library of:	file:///home/mccleve/.local/share/nvim/mason/packages/lua-language-server/libexec/meta/Lua%205.4%20en-us%20utf8/basic.lua
[19:37:53.606][info] [#0:script/workspace/loading.lua:98]: Skip loaded file: file:///home/mccleve/.local/share/nvim/mason/packages/lua-language-server/libexec/meta/Lua%205.4%20en-us%20utf8/basic.lua
[19:37:53.606][info] [#0:script/workspace/loading.lua:101]: Preload file at: file:///home/mccleve/.local/share/nvim/mason/packages/lua-language-server/libexec/meta/Lua%205.4%20en-us%20utf8/package.lua , size = 2.944 KB
[19:37:53.610][info] [#0:script/workspace/loading.lua:113]: ++++As library of:	file:///home/mccleve/.local/share/nvim/mason/packages/lua-language-server/libexec/meta/Lua%205.4%20en-us%20utf8/package.lua
[19:37:53.610][info] [#0:script/workspace/loading.lua:98]: Skip loaded file: file:///home/mccleve/.local/share/nvim/mason/packages/lua-language-server/libexec/meta/Lua%205.4%20en-us%20utf8/package.lua
[19:37:53.610][info] [#0:script/workspace/loading.lua:101]: Preload file at: file:///home/mccleve/.local/share/nvim/lazy/lazy.nvim/lua/lazy/core/cache.lua , size = 16.600 KB
[19:37:53.634][info] [#0:script/workspace/loading.lua:113]: ++++As library of:	file:///home/mccleve/.local/share/nvim/lazy/lazy.nvim/lua/lazy
[19:37:53.634][info] [#0:script/workspace/loading.lua:98]: Skip loaded file: file:///home/mccleve/.local/share/nvim/lazy/lazy.nvim/lua/lazy/core/cache.lua
[19:37:53.634][info] [#0:script/workspace/loading.lua:101]: Preload file at: file:///home/mccleve/.local/share/nvim/lazy/lazy.nvim/lua/lazy/core/config.lua , size = 8.176 KB
[19:37:53.649][info] [#0:script/workspace/loading.lua:113]: ++++As library of:	file:///home/mccleve/.local/share/nvim/lazy/lazy.nvim/lua/lazy
[19:37:53.649][info] [#0:script/workspace/loading.lua:98]: Skip loaded file: file:///home/mccleve/.local/share/nvim/lazy/lazy.nvim/lua/lazy/core/config.lua
[19:37:53.649][info] [#0:script/workspace/loading.lua:101]: Preload file at: file:///home/mccleve/.local/share/nvim/lazy/lazy.nvim/lua/lazy/core/handler/cmd.lua , size = 1.546 KB
[19:37:53.651][info] [#0:script/workspace/loading.lua:113]: ++++As library of:	file:///home/mccleve/.local/share/nvim/lazy/lazy.nvim/lua/lazy
[19:37:53.651][info] [#0:script/workspace/loading.lua:98]: Skip loaded file: file:///home/mccleve/.local/share/nvim/lazy/lazy.nvim/lua/lazy/core/handler/cmd.lua
[19:37:53.651][info] [#0:script/workspace/loading.lua:101]: Preload file at: file:///home/mccleve/.local/share/nvim/lazy/lazy.nvim/lua/lazy/core/handler/event.lua , size = 2.642 KB
[19:37:53.655][info] [#0:script/workspace/loading.lua:113]: ++++As library of:	file:///home/mccleve/.local/share/nvim/lazy/lazy.nvim/lua/lazy
[19:37:53.656][info] [#0:script/workspace/loading.lua:98]: Skip loaded file: file:///home/mccleve/.local/share/nvim/lazy/lazy.nvim/lua/lazy/core/handler/event.lua
[19:37:53.656][info] [#0:script/workspace/loading.lua:101]: Preload file at: file:///home/mccleve/.local/share/nvim/lazy/lazy.nvim/lua/lazy/core/handler/ft.lua , size = 0.984 KB
[19:37:53.657][info] [#0:script/workspace/loading.lua:113]: ++++As library of:	file:///home/mccleve/.local/share/nvim/lazy/lazy.nvim/lua/lazy
[19:37:53.657][info] [#0:script/workspace/loading.lua:98]: Skip loaded file: file:///home/mccleve/.local/share/nvim/lazy/lazy.nvim/lua/lazy/core/handler/ft.lua
[19:37:53.657][info] [#0:script/workspace/loading.lua:101]: Preload file at: file:///home/mccleve/.local/share/nvim/lazy/lazy.nvim/lua/lazy/core/handler/init.lua , size = 2.373 KB
[19:37:53.662][info] [#0:script/workspace/loading.lua:113]: ++++As library of:	file:///home/mccleve/.local/share/nvim/lazy/lazy.nvim/lua/lazy
[19:37:53.662][info] [#0:script/workspace/loading.lua:98]: Skip loaded file: file:///home/mccleve/.local/share/nvim/lazy/lazy.nvim/lua/lazy/core/handler/init.lua
[19:37:53.662][info] [#0:script/workspace/loading.lua:101]: Preload file at: file:///home/mccleve/.local/share/nvim/lazy/lazy.nvim/lua/lazy/core/handler/keys.lua , size = 2.360 KB
[19:37:53.666][info] [#0:script/workspace/loading.lua:113]: ++++As library of:	file:///home/mccleve/.local/share/nvim/lazy/lazy.nvim/lua/lazy
[19:37:53.666][info] [#0:script/workspace/loading.lua:98]: Skip loaded file: file:///home/mccleve/.local/share/nvim/lazy/lazy.nvim/lua/lazy/core/handler/keys.lua
[19:37:53.666][info] [#0:script/workspace/loading.lua:101]: Preload file at: file:///home/mccleve/.local/share/nvim/lazy/lazy.nvim/lua/lazy/core/loader.lua , size = 13.181 KB
[19:37:53.682][info] [#0:script/workspace/loading.lua:113]: ++++As library of:	file:///home/mccleve/.local/share/nvim/lazy/lazy.nvim/lua/lazy
[19:37:53.682][info] [#0:script/workspace/loading.lua:98]: Skip loaded file: file:///home/mccleve/.local/share/nvim/lazy/lazy.nvim/lua/lazy/core/loader.lua
[19:37:53.683][info] [#0:script/workspace/loading.lua:101]: Preload file at: file:///home/mccleve/.local/share/nvim/lazy/lazy.nvim/lua/lazy/core/plugin.lua , size = 13.744 KB
[19:37:53.703][info] [#0:script/workspace/loading.lua:113]: ++++As library of:	file:///home/mccleve/.local/share/nvim/lazy/lazy.nvim/lua/lazy
[19:37:53.703][info] [#0:script/workspace/loading.lua:98]: Skip loaded file: file:///home/mccleve/.local/share/nvim/lazy/lazy.nvim/lua/lazy/core/plugin.lua
[19:37:53.703][info] [#0:script/workspace/loading.lua:101]: Preload file at: file:///home/mccleve/.local/share/nvim/lazy/lazy.nvim/lua/lazy/core/util.lua , size = 9.879 KB
[19:37:53.720][info] [#0:script/workspace/loading.lua:113]: ++++As library of:	file:///home/mccleve/.local/share/nvim/lazy/lazy.nvim/lua/lazy
[19:37:53.720][info] [#0:script/workspace/loading.lua:98]: Skip loaded file: file:///home/mccleve/.local/share/nvim/lazy/lazy.nvim/lua/lazy/core/util.lua
[19:37:53.720][info] [#0:script/workspace/loading.lua:101]: Preload file at: file:///home/mccleve/.local/share/nvim/lazy/lazy.nvim/lua/lazy/docs.lua , size = 4.453 KB
[19:37:53.727][info] [#0:script/workspace/loading.lua:113]: ++++As library of:	file:///home/mccleve/.local/share/nvim/lazy/lazy.nvim/lua/lazy
[19:37:53.727][info] [#0:script/workspace/loading.lua:98]: Skip loaded file: file:///home/mccleve/.local/share/nvim/lazy/lazy.nvim/lua/lazy/docs.lua
[19:37:53.728][info] [#0:script/workspace/loading.lua:101]: Preload file at: file:///home/mccleve/.local/share/nvim/lazy/lazy.nvim/lua/lazy/example.lua , size = 2.643 KB
[19:37:53.730][info] [#0:script/workspace/loading.lua:113]: ++++As library of:	file:///home/mccleve/.local/share/nvim/lazy/lazy.nvim/lua/lazy
[19:37:53.730][info] [#0:script/workspace/loading.lua:98]: Skip loaded file: file:///home/mccleve/.local/share/nvim/lazy/lazy.nvim/lua/lazy/example.lua
[19:37:53.730][info] [#0:script/workspace/loading.lua:101]: Preload file at: file:///home/mccleve/.local/share/nvim/lazy/lazy.nvim/lua/lazy/health.lua , size = 3.314 KB
[19:37:53.735][info] [#0:script/workspace/loading.lua:113]: ++++As library of:	file:///home/mccleve/.local/share/nvim/lazy/lazy.nvim/lua/lazy
[19:37:53.736][info] [#0:script/workspace/loading.lua:98]: Skip loaded file: file:///home/mccleve/.local/share/nvim/lazy/lazy.nvim/lua/lazy/health.lua
[19:37:53.736][info] [#0:script/workspace/loading.lua:101]: Preload file at: file:///home/mccleve/.local/share/nvim/lazy/lazy.nvim/lua/lazy/help.lua , size = 2.216 KB
[19:37:53.740][info] [#0:script/workspace/loading.lua:113]: ++++As library of:	file:///home/mccleve/.local/share/nvim/lazy/lazy.nvim/lua/lazy
[19:37:53.740][info] [#0:script/workspace/loading.lua:98]: Skip loaded file: file:///home/mccleve/.local/share/nvim/lazy/lazy.nvim/lua/lazy/help.lua
[19:37:53.740][info] [#0:script/workspace/loading.lua:101]: Preload file at: file:///home/mccleve/.local/share/nvim/lazy/lazy.nvim/lua/lazy/init.lua , size = 3.058 KB
[19:37:53.756][info] [#0:script/workspace/loading.lua:113]: ++++As library of:	file:///home/mccleve/.local/share/nvim/lazy/lazy.nvim/lua/lazy
[19:37:53.756][info] [#0:script/workspace/loading.lua:98]: Skip loaded file: file:///home/mccleve/.local/share/nvim/lazy/lazy.nvim/lua/lazy/init.lua
[19:37:53.758][info] [#0:script/workspace/loading.lua:101]: Preload file at: file:///home/mccleve/.local/share/nvim/lazy/lazy.nvim/lua/lazy/manage/checker.lua , size = 2.306 KB
[19:37:53.765][info] [#0:script/workspace/loading.lua:113]: ++++As library of:	file:///home/mccleve/.local/share/nvim/lazy/lazy.nvim/lua/lazy
[19:37:53.765][info] [#0:script/workspace/loading.lua:98]: Skip loaded file: file:///home/mccleve/.local/share/nvim/lazy/lazy.nvim/lua/lazy/manage/checker.lua
[19:37:53.765][info] [#0:script/workspace/loading.lua:101]: Preload file at: file:///home/mccleve/.local/share/nvim/lazy/lazy.nvim/lua/lazy/manage/git.lua , size = 6.040 KB
[19:37:53.779][info] [#0:script/workspace/loading.lua:113]: ++++As library of:	file:///home/mccleve/.local/share/nvim/lazy/lazy.nvim/lua/lazy
[19:37:53.779][info] [#0:script/workspace/loading.lua:98]: Skip loaded file: file:///home/mccleve/.local/share/nvim/lazy/lazy.nvim/lua/lazy/manage/git.lua
[19:37:53.779][info] [#0:script/workspace/loading.lua:101]: Preload file at: file:///home/mccleve/.local/share/nvim/lazy/lazy.nvim/lua/lazy/manage/init.lua , size = 5.445 KB
[19:37:53.786][info] [#0:script/workspace/loading.lua:113]: ++++As library of:	file:///home/mccleve/.local/share/nvim/lazy/lazy.nvim/lua/lazy
[19:37:53.786][info] [#0:script/workspace/loading.lua:98]: Skip loaded file: file:///home/mccleve/.local/share/nvim/lazy/lazy.nvim/lua/lazy/manage/init.lua
[19:37:53.786][info] [#0:script/workspace/loading.lua:101]: Preload file at: file:///home/mccleve/.local/share/nvim/lazy/lazy.nvim/lua/lazy/manage/lock.lua , size = 1.810 KB
[19:37:53.789][info] [#0:script/workspace/loading.lua:113]: ++++As library of:	file:///home/mccleve/.local/share/nvim/lazy/lazy.nvim/lua/lazy
[19:37:53.789][info] [#0:script/workspace/loading.lua:98]: Skip loaded file: file:///home/mccleve/.local/share/nvim/lazy/lazy.nvim/lua/lazy/manage/lock.lua
[19:37:53.789][info] [#0:script/workspace/loading.lua:101]: Preload file at: file:///home/mccleve/.local/share/nvim/lazy/lazy.nvim/lua/lazy/manage/process.lua , size = 3.842 KB
[19:37:53.796][info] [#0:script/workspace/loading.lua:113]: ++++As library of:	file:///home/mccleve/.local/share/nvim/lazy/lazy.nvim/lua/lazy
[19:37:53.796][info] [#0:script/workspace/loading.lua:98]: Skip loaded file: file:///home/mccleve/.local/share/nvim/lazy/lazy.nvim/lua/lazy/manage/process.lua
[19:37:53.796][info] [#0:script/workspace/loading.lua:101]: Preload file at: file:///home/mccleve/.local/share/nvim/lazy/lazy.nvim/lua/lazy/manage/reloader.lua , size = 2.487 KB
[19:37:53.799][info] [#0:script/workspace/loading.lua:113]: ++++As library of:	file:///home/mccleve/.local/share/nvim/lazy/lazy.nvim/lua/lazy
[19:37:53.800][info] [#0:script/workspace/loading.lua:98]: Skip loaded file: file:///home/mccleve/.local/share/nvim/lazy/lazy.nvim/lua/lazy/manage/reloader.lua
[19:37:53.800][info] [#0:script/workspace/loading.lua:101]: Preload file at: file:///home/mccleve/.local/share/nvim/lazy/lazy.nvim/lua/lazy/manage/runner.lua , size = 3.957 KB
[19:37:53.805][info] [#0:script/workspace/loading.lua:113]: ++++As library of:	file:///home/mccleve/.local/share/nvim/lazy/lazy.nvim/lua/lazy
[19:37:53.805][info] [#0:script/workspace/loading.lua:98]: Skip loaded file: file:///home/mccleve/.local/share/nvim/lazy/lazy.nvim/lua/lazy/manage/runner.lua
[19:37:53.805][info] [#0:script/workspace/loading.lua:101]: Preload file at: file:///home/mccleve/.local/share/nvim/lazy/lazy.nvim/lua/lazy/manage/semver.lua , size = 4.409 KB
[19:37:53.814][info] [#0:script/workspace/loading.lua:113]: ++++As library of:	file:///home/mccleve/.local/share/nvim/lazy/lazy.nvim/lua/lazy
[19:37:53.814][info] [#0:script/workspace/loading.lua:98]: Skip loaded file: file:///home/mccleve/.local/share/nvim/lazy/lazy.nvim/lua/lazy/manage/semver.lua
[19:37:53.814][info] [#0:script/workspace/loading.lua:101]: Preload file at: file:///home/mccleve/.local/share/nvim/lazy/lazy.nvim/lua/lazy/manage/task/fs.lua , size = 0.740 KB
[19:37:53.816][info] [#0:script/workspace/loading.lua:113]: ++++As library of:	file:///home/mccleve/.local/share/nvim/lazy/lazy.nvim/lua/lazy
[19:37:53.816][info] [#0:script/workspace/loading.lua:98]: Skip loaded file: file:///home/mccleve/.local/share/nvim/lazy/lazy.nvim/lua/lazy/manage/task/fs.lua
[19:37:53.816][info] [#0:script/workspace/loading.lua:101]: Preload file at: file:///home/mccleve/.local/share/nvim/lazy/lazy.nvim/lua/lazy/manage/task/git.lua , size = 6.532 KB
[19:37:53.825][info] [#0:script/workspace/loading.lua:113]: ++++As library of:	file:///home/mccleve/.local/share/nvim/lazy/lazy.nvim/lua/lazy
[19:37:53.825][info] [#0:script/workspace/loading.lua:98]: Skip loaded file: file:///home/mccleve/.local/share/nvim/lazy/lazy.nvim/lua/lazy/manage/task/git.lua
[19:37:53.826][info] [#0:script/workspace/loading.lua:101]: Preload file at: file:///home/mccleve/.local/share/nvim/lazy/lazy.nvim/lua/lazy/manage/task/init.lua , size = 3.822 KB
[19:37:53.834][info] [#0:script/workspace/loading.lua:113]: ++++As library of:	file:///home/mccleve/.local/share/nvim/lazy/lazy.nvim/lua/lazy
[19:37:53.834][info] [#0:script/workspace/loading.lua:98]: Skip loaded file: file:///home/mccleve/.local/share/nvim/lazy/lazy.nvim/lua/lazy/manage/task/init.lua
[19:37:53.834][info] [#0:script/workspace/loading.lua:101]: Preload file at: file:///home/mccleve/.local/share/nvim/lazy/lazy.nvim/lua/lazy/manage/task/plugin.lua , size = 2.294 KB
[19:37:53.838][info] [#0:script/workspace/loading.lua:113]: ++++As library of:	file:///home/mccleve/.local/share/nvim/lazy/lazy.nvim/lua/lazy
[19:37:53.838][info] [#0:script/workspace/loading.lua:98]: Skip loaded file: file:///home/mccleve/.local/share/nvim/lazy/lazy.nvim/lua/lazy/manage/task/plugin.lua
[19:37:53.838][info] [#0:script/workspace/loading.lua:101]: Preload file at: file:///home/mccleve/.local/share/nvim/lazy/lazy.nvim/lua/lazy/state.lua , size = 0.859 KB
[19:37:53.840][info] [#0:script/workspace/loading.lua:113]: ++++As library of:	file:///home/mccleve/.local/share/nvim/lazy/lazy.nvim/lua/lazy
[19:37:53.840][info] [#0:script/workspace/loading.lua:98]: Skip loaded file: file:///home/mccleve/.local/share/nvim/lazy/lazy.nvim/lua/lazy/state.lua
[19:37:53.840][info] [#0:script/workspace/loading.lua:101]: Preload file at: file:///home/mccleve/.local/share/nvim/lazy/lazy.nvim/lua/lazy/stats.lua , size = 2.068 KB
[19:37:53.845][info] [#0:script/workspace/loading.lua:113]: ++++As library of:	file:///home/mccleve/.local/share/nvim/lazy/lazy.nvim/lua/lazy
[19:37:53.845][info] [#0:script/workspace/loading.lua:98]: Skip loaded file: file:///home/mccleve/.local/share/nvim/lazy/lazy.nvim/lua/lazy/stats.lua
[19:37:53.846][info] [#0:script/workspace/loading.lua:101]: Preload file at: file:///home/mccleve/.local/share/nvim/lazy/lazy.nvim/lua/lazy/status.lua , size = 0.353 KB
[19:37:53.848][info] [#0:script/workspace/loading.lua:113]: ++++As library of:	file:///home/mccleve/.local/share/nvim/lazy/lazy.nvim/lua/lazy
[19:37:53.848][info] [#0:script/workspace/loading.lua:98]: Skip loaded file: file:///home/mccleve/.local/share/nvim/lazy/lazy.nvim/lua/lazy/status.lua
[19:37:53.848][info] [#0:script/workspace/loading.lua:101]: Preload file at: file:///home/mccleve/.local/share/nvim/lazy/lazy.nvim/lua/lazy/types.lua , size = 2.743 KB
[19:37:53.854][info] [#0:script/workspace/loading.lua:113]: ++++As library of:	file:///home/mccleve/.local/share/nvim/lazy/lazy.nvim/lua/lazy
[19:37:53.854][info] [#0:script/workspace/loading.lua:98]: Skip loaded file: file:///home/mccleve/.local/share/nvim/lazy/lazy.nvim/lua/lazy/types.lua
[19:37:53.854][info] [#0:script/workspace/loading.lua:101]: Preload file at: file:///home/mccleve/.local/share/nvim/lazy/lazy.nvim/lua/lazy/util.lua , size = 5.625 KB
[19:37:53.865][info] [#0:script/workspace/loading.lua:113]: ++++As library of:	file:///home/mccleve/.local/share/nvim/lazy/lazy.nvim/lua/lazy
[19:37:53.865][info] [#0:script/workspace/loading.lua:98]: Skip loaded file: file:///home/mccleve/.local/share/nvim/lazy/lazy.nvim/lua/lazy/util.lua
[19:37:53.865][info] [#0:script/workspace/loading.lua:101]: Preload file at: file:///home/mccleve/.local/share/nvim/lazy/lazy.nvim/lua/lazy/view/colors.lua , size = 1.495 KB
[19:37:53.867][info] [#0:script/workspace/loading.lua:113]: ++++As library of:	file:///home/mccleve/.local/share/nvim/lazy/lazy.nvim/lua/lazy
[19:37:53.867][info] [#0:script/workspace/loading.lua:98]: Skip loaded file: file:///home/mccleve/.local/share/nvim/lazy/lazy.nvim/lua/lazy/view/colors.lua
[19:37:53.868][info] [#0:script/workspace/loading.lua:101]: Preload file at: file:///home/mccleve/.local/share/nvim/lazy/lazy.nvim/lua/lazy/view/commands.lua , size = 3.332 KB
[19:37:53.873][info] [#0:script/workspace/loading.lua:113]: ++++As library of:	file:///home/mccleve/.local/share/nvim/lazy/lazy.nvim/lua/lazy
[19:37:53.873][info] [#0:script/workspace/loading.lua:98]: Skip loaded file: file:///home/mccleve/.local/share/nvim/lazy/lazy.nvim/lua/lazy/view/commands.lua
[19:37:53.873][info] [#0:script/workspace/loading.lua:101]: Preload file at: file:///home/mccleve/.local/share/nvim/lazy/lazy.nvim/lua/lazy/view/config.lua , size = 3.462 KB
[19:37:53.878][info] [#0:script/workspace/loading.lua:113]: ++++As library of:	file:///home/mccleve/.local/share/nvim/lazy/lazy.nvim/lua/lazy
[19:37:53.878][info] [#0:script/workspace/loading.lua:98]: Skip loaded file: file:///home/mccleve/.local/share/nvim/lazy/lazy.nvim/lua/lazy/view/config.lua
[19:37:53.878][info] [#0:script/workspace/loading.lua:101]: Preload file at: file:///home/mccleve/.local/share/nvim/lazy/lazy.nvim/lua/lazy/view/diff.lua , size = 1.585 KB
[19:37:53.881][info] [#0:script/workspace/loading.lua:113]: ++++As library of:	file:///home/mccleve/.local/share/nvim/lazy/lazy.nvim/lua/lazy
[19:37:53.881][info] [#0:script/workspace/loading.lua:98]: Skip loaded file: file:///home/mccleve/.local/share/nvim/lazy/lazy.nvim/lua/lazy/view/diff.lua
[19:37:53.881][info] [#0:script/workspace/loading.lua:101]: Preload file at: file:///home/mccleve/.local/share/nvim/lazy/lazy.nvim/lua/lazy/view/float.lua , size = 6.936 KB
[19:37:53.895][info] [#0:script/workspace/loading.lua:113]: ++++As library of:	file:///home/mccleve/.local/share/nvim/lazy/lazy.nvim/lua/lazy
[19:37:53.896][info] [#0:script/workspace/loading.lua:98]: Skip loaded file: file:///home/mccleve/.local/share/nvim/lazy/lazy.nvim/lua/lazy/view/float.lua
[19:37:53.896][info] [#0:script/workspace/loading.lua:101]: Preload file at: file:///home/mccleve/.local/share/nvim/lazy/lazy.nvim/lua/lazy/view/init.lua , size = 7.404 KB
[19:37:53.908][info] [#0:script/workspace/loading.lua:113]: ++++As library of:	file:///home/mccleve/.local/share/nvim/lazy/lazy.nvim/lua/lazy
[19:37:53.908][info] [#0:script/workspace/loading.lua:98]: Skip loaded file: file:///home/mccleve/.local/share/nvim/lazy/lazy.nvim/lua/lazy/view/init.lua
[19:37:53.908][info] [#0:script/workspace/loading.lua:101]: Preload file at: file:///home/mccleve/.local/share/nvim/lazy/lazy.nvim/lua/lazy/view/render.lua , size = 20.704 KB
[19:37:53.962][info] [#0:script/workspace/loading.lua:113]: ++++As library of:	file:///home/mccleve/.local/share/nvim/lazy/lazy.nvim/lua/lazy
[19:37:53.962][info] [#0:script/workspace/loading.lua:98]: Skip loaded file: file:///home/mccleve/.local/share/nvim/lazy/lazy.nvim/lua/lazy/view/render.lua
[19:37:53.962][info] [#0:script/workspace/loading.lua:101]: Preload file at: file:///home/mccleve/.local/share/nvim/lazy/lazy.nvim/lua/lazy/view/sections.lua , size = 2.250 KB
[19:37:53.967][info] [#0:script/workspace/loading.lua:113]: ++++As library of:	file:///home/mccleve/.local/share/nvim/lazy/lazy.nvim/lua/lazy
[19:37:53.968][info] [#0:script/workspace/loading.lua:98]: Skip loaded file: file:///home/mccleve/.local/share/nvim/lazy/lazy.nvim/lua/lazy/view/sections.lua
[19:37:53.968][info] [#0:script/workspace/loading.lua:101]: Preload file at: file:///home/mccleve/.local/share/nvim/lazy/lazy.nvim/lua/lazy/view/text.lua , size = 3.820 KB
[19:37:53.976][info] [#0:script/workspace/loading.lua:113]: ++++As library of:	file:///home/mccleve/.local/share/nvim/lazy/lazy.nvim/lua/lazy
[19:37:53.976][info] [#0:script/workspace/loading.lua:98]: Skip loaded file: file:///home/mccleve/.local/share/nvim/lazy/lazy.nvim/lua/lazy/view/text.lua
[19:37:53.976][info] [#0:script/workspace/loading.lua:101]: Preload file at: file:///usr/local/share/nvim/runtime/lua/vim/lsp/_dynamic.lua , size = 2.809 KB
[19:37:53.980][info] [#0:script/workspace/loading.lua:113]: ++++As library of:	file:///usr/local/share/nvim/runtime/lua/vim/lsp
[19:37:53.980][info] [#0:script/workspace/loading.lua:98]: Skip loaded file: file:///usr/local/share/nvim/runtime/lua/vim/lsp/_dynamic.lua
[19:37:53.980][info] [#0:script/workspace/loading.lua:101]: Preload file at: file:///usr/local/share/nvim/runtime/lua/vim/lsp/_snippet.lua , size = 10.747 KB
[19:37:53.994][info] [#0:script/workspace/loading.lua:113]: ++++As library of:	file:///usr/local/share/nvim/runtime/lua/vim/lsp
[19:37:53.994][info] [#0:script/workspace/loading.lua:89]: Skip loaded file: file:///usr/local/share/nvim/runtime/lua/vim/lsp/_snippet.lua
[19:37:53.995][info] [#0:script/workspace/loading.lua:113]: ++++As library of:	file:///usr/local/share/nvim/runtime/lua/vim/lsp
[19:37:53.996][info] [#0:script/workspace/loading.lua:101]: Preload file at: file:///usr/local/share/nvim/runtime/lua/vim/lsp/_watchfiles.lua , size = 8.950 KB
[19:37:54.011][info] [#0:script/workspace/loading.lua:113]: ++++As library of:	file:///usr/local/share/nvim/runtime/lua/vim/lsp
[19:37:54.012][info] [#0:script/workspace/loading.lua:98]: Skip loaded file: file:///usr/local/share/nvim/runtime/lua/vim/lsp/_watchfiles.lua
[19:37:54.012][info] [#0:script/workspace/loading.lua:101]: Preload file at: file:///usr/local/share/nvim/runtime/lua/vim/lsp/buf.lua , size = 27.518 KB
[19:37:54.050][info] [#0:script/workspace/loading.lua:113]: ++++As library of:	file:///usr/local/share/nvim/runtime/lua/vim/lsp
[19:37:54.050][info] [#0:script/workspace/loading.lua:98]: Skip loaded file: file:///usr/local/share/nvim/runtime/lua/vim/lsp/buf.lua
[19:37:54.051][info] [#0:script/workspace/loading.lua:101]: Preload file at: file:///usr/local/share/nvim/runtime/lua/vim/lsp/codelens.lua , size = 7.826 KB
[19:37:54.068][info] [#0:script/workspace/loading.lua:113]: ++++As library of:	file:///usr/local/share/nvim/runtime/lua/vim/lsp
[19:37:54.068][info] [#0:script/workspace/loading.lua:98]: Skip loaded file: file:///usr/local/share/nvim/runtime/lua/vim/lsp/codelens.lua
[19:37:54.069][info] [#0:script/workspace/loading.lua:101]: Preload file at: file:///usr/local/share/nvim/runtime/lua/vim/lsp/diagnostic.lua , size = 8.867 KB
[19:37:54.084][info] [#0:script/workspace/loading.lua:113]: ++++As library of:	file:///usr/local/share/nvim/runtime/lua/vim/lsp
[19:37:54.084][info] [#0:script/workspace/loading.lua:98]: Skip loaded file: file:///usr/local/share/nvim/runtime/lua/vim/lsp/diagnostic.lua
[19:37:54.084][info] [#0:script/workspace/loading.lua:101]: Preload file at: file:///usr/local/share/nvim/runtime/lua/vim/lsp/handlers.lua , size = 23.621 KB
[19:37:54.130][info] [#0:script/workspace/loading.lua:113]: ++++As library of:	file:///usr/local/share/nvim/runtime/lua/vim/lsp
[19:37:54.131][info] [#0:script/workspace/loading.lua:98]: Skip loaded file: file:///usr/local/share/nvim/runtime/lua/vim/lsp/handlers.lua
[19:37:54.131][info] [#0:script/workspace/loading.lua:101]: Preload file at: file:///usr/local/share/nvim/runtime/lua/vim/lsp/health.lua , size = 1.218 KB
[19:37:54.134][info] [#0:script/workspace/loading.lua:113]: ++++As library of:	file:///usr/local/share/nvim/runtime/lua/vim/lsp
[19:37:54.134][info] [#0:script/workspace/loading.lua:98]: Skip loaded file: file:///usr/local/share/nvim/runtime/lua/vim/lsp/health.lua
[19:37:54.135][info] [#0:script/workspace/loading.lua:101]: Preload file at: file:///usr/local/share/nvim/runtime/lua/vim/lsp/inlay_hint.lua , size = 8.830 KB
[19:37:54.161][info] [#0:script/workspace/loading.lua:113]: ++++As library of:	file:///usr/local/share/nvim/runtime/lua/vim/lsp
[19:37:54.161][info] [#0:script/workspace/loading.lua:98]: Skip loaded file: file:///usr/local/share/nvim/runtime/lua/vim/lsp/inlay_hint.lua
[19:37:54.161][info] [#0:script/workspace/loading.lua:101]: Preload file at: file:///usr/local/share/nvim/runtime/lua/vim/lsp/log.lua , size = 5.129 KB
[19:37:54.168][info] [#0:script/workspace/loading.lua:113]: ++++As library of:	file:///usr/local/share/nvim/runtime/lua/vim/lsp
[19:37:54.169][info] [#0:script/workspace/loading.lua:98]: Skip loaded file: file:///usr/local/share/nvim/runtime/lua/vim/lsp/log.lua
[19:37:54.169][info] [#0:script/workspace/loading.lua:101]: Preload file at: file:///usr/local/share/nvim/runtime/lua/vim/lsp/protocol.lua , size = 28.904 KB
[19:37:54.186][info] [#0:script/workspace/loading.lua:113]: ++++As library of:	file:///usr/local/share/nvim/runtime/lua/vim/lsp
[19:37:54.187][info] [#0:script/workspace/loading.lua:98]: Skip loaded file: file:///usr/local/share/nvim/runtime/lua/vim/lsp/protocol.lua
[19:37:54.187][info] [#0:script/workspace/loading.lua:101]: Preload file at: file:///usr/local/share/nvim/runtime/lua/vim/lsp/rpc.lua , size = 22.574 KB
[19:37:54.227][info] [#0:script/workspace/loading.lua:113]: ++++As library of:	file:///usr/local/share/nvim/runtime/lua/vim/lsp
[19:37:54.227][info] [#0:script/workspace/loading.lua:98]: Skip loaded file: file:///usr/local/share/nvim/runtime/lua/vim/lsp/rpc.lua
[19:37:54.227][info] [#0:script/workspace/loading.lua:101]: Preload file at: file:///usr/local/share/nvim/runtime/lua/vim/lsp/semantic_tokens.lua , size = 25.934 KB
[19:37:54.309][info] [#0:script/workspace/loading.lua:113]: ++++As library of:	file:///usr/local/share/nvim/runtime/lua/vim/lsp
[19:37:54.309][info] [#0:script/workspace/loading.lua:98]: Skip loaded file: file:///usr/local/share/nvim/runtime/lua/vim/lsp/semantic_tokens.lua
[19:37:54.311][info] [#0:script/workspace/loading.lua:101]: Preload file at: file:///usr/local/share/nvim/runtime/lua/vim/lsp/sync.lua , size = 15.681 KB
[19:37:54.338][info] [#0:script/workspace/loading.lua:113]: ++++As library of:	file:///usr/local/share/nvim/runtime/lua/vim/lsp
[19:37:54.338][info] [#0:script/workspace/loading.lua:98]: Skip loaded file: file:///usr/local/share/nvim/runtime/lua/vim/lsp/sync.lua
[19:37:54.338][info] [#0:script/workspace/loading.lua:101]: Preload file at: file:///usr/local/share/nvim/runtime/lua/vim/lsp/tagfunc.lua , size = 2.339 KB
[19:37:54.343][info] [#0:script/workspace/loading.lua:113]: ++++As library of:	file:///usr/local/share/nvim/runtime/lua/vim/lsp
[19:37:54.343][info] [#0:script/workspace/loading.lua:98]: Skip loaded file: file:///usr/local/share/nvim/runtime/lua/vim/lsp/tagfunc.lua
[19:37:54.343][info] [#0:script/workspace/loading.lua:101]: Preload file at: file:///usr/local/share/nvim/runtime/lua/vim/lsp/types/protocol.lua , size = 163.614 KB
[19:37:54.496][info] [#0:script/workspace/loading.lua:113]: ++++As library of:	file:///usr/local/share/nvim/runtime/lua/vim/lsp
[19:37:54.497][info] [#0:script/workspace/loading.lua:101]: Preload file at: file:///usr/local/share/nvim/runtime/lua/vim/lsp/types.lua , size = 2.403 KB
[19:37:54.502][info] [#0:script/workspace/loading.lua:113]: ++++As library of:	file:///usr/local/share/nvim/runtime/lua/vim/lsp
[19:37:54.503][info] [#0:script/workspace/loading.lua:98]: Skip loaded file: file:///usr/local/share/nvim/runtime/lua/vim/lsp/types.lua
[19:37:54.503][info] [#0:script/workspace/loading.lua:98]: Skip loaded file: file:///usr/local/share/nvim/runtime/lua/vim/lsp/types/protocol.lua
[19:37:54.503][info] [#0:script/workspace/loading.lua:101]: Preload file at: file:///usr/local/share/nvim/runtime/lua/vim/lsp/util.lua , size = 72.684 KB
[19:37:54.639][info] [#0:script/workspace/loading.lua:113]: ++++As library of:	file:///usr/local/share/nvim/runtime/lua/vim/lsp
[19:37:54.640][info] [#0:script/workspace/loading.lua:98]: Skip loaded file: file:///usr/local/share/nvim/runtime/lua/vim/lsp/util.lua
[19:37:54.640][info] [#0:script/workspace/loading.lua:101]: Preload file at: file:///usr/local/share/nvim/runtime/lua/_vim9script.lua , size = 15.438 KB
[19:37:54.669][info] [#0:script/workspace/loading.lua:113]: ++++As library of:	file:///usr/local/share/nvim/runtime/lua
[19:37:54.670][info] [#0:script/workspace/loading.lua:98]: Skip loaded file: file:///usr/local/share/nvim/runtime/lua/_vim9script.lua
[19:37:54.670][info] [#0:script/workspace/loading.lua:101]: Preload file at: file:///usr/local/share/nvim/runtime/lua/editorconfig.lua , size = 6.869 KB
[19:37:54.728][info] [#0:script/workspace/loading.lua:113]: ++++As library of:	file:///usr/local/share/nvim/runtime/lua
[19:37:54.728][info] [#0:script/workspace/loading.lua:98]: Skip loaded file: file:///usr/local/share/nvim/runtime/lua/editorconfig.lua
[19:37:54.729][info] [#0:script/workspace/loading.lua:101]: Preload file at: file:///usr/local/share/nvim/runtime/lua/jit/bc.lua , size = 5.488 KB
[19:37:54.770][info] [#0:script/workspace/loading.lua:113]: ++++As library of:	file:///usr/local/share/nvim/runtime/lua
[19:37:54.771][info] [#0:script/workspace/loading.lua:98]: Skip loaded file: file:///usr/local/share/nvim/runtime/lua/jit/bc.lua
[19:37:54.859][info] [#0:script/workspace/loading.lua:101]: Preload file at: file:///usr/local/share/nvim/runtime/lua/jit/bcsave.lua , size = 19.096 KB
[19:37:54.903][info] [#0:script/workspace/loading.lua:113]: ++++As library of:	file:///usr/local/share/nvim/runtime/lua
[19:37:54.903][info] [#0:script/workspace/loading.lua:89]: Skip loaded file: file:///usr/local/share/nvim/runtime/lua/jit/bcsave.lua
[19:37:54.904][info] [#0:script/workspace/loading.lua:113]: ++++As library of:	file:///usr/local/share/nvim/runtime/lua
[19:37:54.917][info] [#0:script/workspace/loading.lua:101]: Preload file at: file:///usr/local/share/nvim/runtime/lua/jit/dis_arm.lua , size = 18.891 KB
[19:37:55.044][info] [#0:script/workspace/loading.lua:113]: ++++As library of:	file:///usr/local/share/nvim/runtime/lua
[19:37:55.044][info] [#0:script/workspace/loading.lua:98]: Skip loaded file: file:///usr/local/share/nvim/runtime/lua/jit/dis_arm.lua
[19:37:55.066][info] [#0:script/workspace/loading.lua:101]: Preload file at: file:///usr/local/share/nvim/runtime/lua/jit/dis_arm64.lua , size = 30.163 KB
[19:37:55.220][info] [#0:script/workspace/loading.lua:113]: ++++As library of:	file:///usr/local/share/nvim/runtime/lua
[19:37:55.220][info] [#0:script/workspace/loading.lua:98]: Skip loaded file: file:///usr/local/share/nvim/runtime/lua/jit/dis_arm64.lua
[19:37:55.243][info] [#0:script/workspace/loading.lua:101]: Preload file at: file:///usr/local/share/nvim/runtime/lua/jit/dis_arm64be.lua , size = 0.604 KB
[19:37:55.246][info] [#0:script/workspace/loading.lua:113]: ++++As library of:	file:///usr/local/share/nvim/runtime/lua
[19:37:55.247][info] [#0:script/workspace/loading.lua:98]: Skip loaded file: file:///usr/local/share/nvim/runtime/lua/jit/dis_arm64be.lua
[19:37:55.272][info] [#0:script/workspace/loading.lua:101]: Preload file at: file:///usr/local/share/nvim/runtime/lua/jit/dis_mips.lua , size = 21.494 KB
[19:37:55.354][info] [#0:script/workspace/loading.lua:113]: ++++As library of:	file:///usr/local/share/nvim/runtime/lua
[19:37:55.354][info] [#0:script/workspace/loading.lua:98]: Skip loaded file: file:///usr/local/share/nvim/runtime/lua/jit/dis_mips.lua
[19:37:55.391][info] [#0:script/workspace/loading.lua:101]: Preload file at: file:///usr/local/share/nvim/runtime/lua/jit/dis_mips64.lua , size = 0.689 KB
[19:37:55.393][info] [#0:script/workspace/loading.lua:113]: ++++As library of:	file:///usr/local/share/nvim/runtime/lua
[19:37:55.393][info] [#0:script/workspace/loading.lua:98]: Skip loaded file: file:///usr/local/share/nvim/runtime/lua/jit/dis_mips64.lua
[19:37:55.429][info] [#0:script/workspace/loading.lua:101]: Preload file at: file:///usr/local/share/nvim/runtime/lua/jit/dis_mips64el.lua , size = 0.700 KB
[19:37:55.431][info] [#0:script/workspace/loading.lua:113]: ++++As library of:	file:///usr/local/share/nvim/runtime/lua
[19:37:55.432][info] [#0:script/workspace/loading.lua:98]: Skip loaded file: file:///usr/local/share/nvim/runtime/lua/jit/dis_mips64el.lua
[19:37:55.457][info] [#0:script/workspace/loading.lua:101]: Preload file at: file:///usr/local/share/nvim/runtime/lua/jit/dis_mipsel.lua , size = 0.698 KB
[19:37:55.459][info] [#0:script/workspace/loading.lua:113]: ++++As library of:	file:///usr/local/share/nvim/runtime/lua
[19:37:55.459][info] [#0:script/workspace/loading.lua:98]: Skip loaded file: file:///usr/local/share/nvim/runtime/lua/jit/dis_mipsel.lua
[19:37:55.498][info] [#0:script/workspace/loading.lua:101]: Preload file at: file:///usr/local/share/nvim/runtime/lua/jit/dis_ppc.lua , size = 19.825 KB
[19:37:55.552][info] [#0:script/workspace/loading.lua:113]: ++++As library of:	file:///usr/local/share/nvim/runtime/lua
[19:37:55.553][info] [#0:script/workspace/loading.lua:98]: Skip loaded file: file:///usr/local/share/nvim/runtime/lua/jit/dis_ppc.lua
[19:37:55.591][info] [#0:script/workspace/loading.lua:101]: Preload file at: file:///usr/local/share/nvim/runtime/lua/jit/dis_x64.lua , size = 0.695 KB
[19:37:55.593][info] [#0:script/workspace/loading.lua:113]: ++++As library of:	file:///usr/local/share/nvim/runtime/lua
[19:37:55.593][info] [#0:script/workspace/loading.lua:98]: Skip loaded file: file:///usr/local/share/nvim/runtime/lua/jit/dis_x64.lua
[19:37:55.632][info] [#0:script/workspace/loading.lua:101]: Preload file at: file:///usr/local/share/nvim/runtime/lua/jit/dis_x86.lua , size = 33.033 KB
[19:37:55.733][info] [#0:script/workspace/loading.lua:113]: ++++As library of:	file:///usr/local/share/nvim/runtime/lua
[19:37:55.734][info] [#0:script/workspace/loading.lua:98]: Skip loaded file: file:///usr/local/share/nvim/runtime/lua/jit/dis_x86.lua
[19:37:55.779][info] [#0:script/workspace/loading.lua:101]: Preload file at: file:///usr/local/share/nvim/runtime/lua/jit/dump.lua , size = 20.201 KB
[19:37:55.828][info] [#0:script/workspace/loading.lua:113]: ++++As library of:	file:///usr/local/share/nvim/runtime/lua
[19:37:55.829][info] [#0:script/workspace/loading.lua:98]: Skip loaded file: file:///usr/local/share/nvim/runtime/lua/jit/dump.lua
[19:37:55.872][info] [#0:script/workspace/loading.lua:101]: Preload file at: file:///usr/local/share/nvim/runtime/lua/jit/p.lua , size = 8.962 KB
[19:37:55.892][info] [#0:script/workspace/loading.lua:113]: ++++As library of:	file:///usr/local/share/nvim/runtime/lua
[19:37:55.893][info] [#0:script/workspace/loading.lua:98]: Skip loaded file: file:///usr/local/share/nvim/runtime/lua/jit/p.lua
[19:37:55.956][info] [#0:script/workspace/loading.lua:101]: Preload file at: file:///usr/local/share/nvim/runtime/lua/jit/v.lua , size = 5.647 KB
[19:37:55.972][info] [#0:script/workspace/loading.lua:113]: ++++As library of:	file:///usr/local/share/nvim/runtime/lua
[19:37:55.972][info] [#0:script/workspace/loading.lua:98]: Skip loaded file: file:///usr/local/share/nvim/runtime/lua/jit/v.lua
[19:37:56.025][info] [#0:script/workspace/loading.lua:101]: Preload file at: file:///usr/local/share/nvim/runtime/lua/jit/vmdef.lua , size = 7.823 KB
[19:37:56.034][info] [#0:script/workspace/loading.lua:113]: ++++As library of:	file:///usr/local/share/nvim/runtime/lua
[19:37:56.034][info] [#0:script/workspace/loading.lua:98]: Skip loaded file: file:///usr/local/share/nvim/runtime/lua/jit/vmdef.lua
[19:37:56.078][info] [#0:script/workspace/loading.lua:101]: Preload file at: file:///usr/local/share/nvim/runtime/lua/jit/zone.lua , size = 0.979 KB
[19:37:56.080][info] [#0:script/workspace/loading.lua:113]: ++++As library of:	file:///usr/local/share/nvim/runtime/lua
[19:37:56.081][info] [#0:script/workspace/loading.lua:98]: Skip loaded file: file:///usr/local/share/nvim/runtime/lua/jit/zone.lua
[19:37:56.101][info] [#0:script/workspace/loading.lua:101]: Preload file at: file:///usr/local/share/nvim/runtime/lua/man.lua , size = 23.607 KB
[19:37:56.152][info] [#0:script/workspace/loading.lua:113]: ++++As library of:	file:///usr/local/share/nvim/runtime/lua
[19:37:56.152][info] [#0:script/workspace/loading.lua:98]: Skip loaded file: file:///usr/local/share/nvim/runtime/lua/man.lua
[19:37:56.165][info] [#0:script/workspace/loading.lua:101]: Preload file at: file:///usr/local/share/nvim/runtime/lua/nvim/health.lua , size = 12.401 KB
[19:37:56.189][info] [#0:script/workspace/loading.lua:113]: ++++As library of:	file:///usr/local/share/nvim/runtime/lua
[19:37:56.189][info] [#0:script/workspace/loading.lua:98]: Skip loaded file: file:///usr/local/share/nvim/runtime/lua/nvim/health.lua
[19:37:56.220][info] [#0:script/workspace/loading.lua:101]: Preload file at: file:///usr/local/share/nvim/runtime/lua/provider/health.lua , size = 27.914 KB
[19:37:56.275][info] [#0:script/workspace/loading.lua:113]: ++++As library of:	file:///usr/local/share/nvim/runtime/lua
[19:37:56.275][info] [#0:script/workspace/loading.lua:98]: Skip loaded file: file:///usr/local/share/nvim/runtime/lua/provider/health.lua
[19:37:56.310][info] [#0:script/workspace/loading.lua:101]: Preload file at: file:///usr/local/share/nvim/runtime/lua/vim/F.lua , size = 1.064 KB
[19:37:56.316][info] [#0:script/workspace/loading.lua:113]: ++++As library of:	file:///usr/local/share/nvim/runtime/lua
[19:37:56.316][info] [#0:script/workspace/loading.lua:98]: Skip loaded file: file:///usr/local/share/nvim/runtime/lua/vim/F.lua
[19:37:56.328][info] [#0:script/workspace/loading.lua:101]: Preload file at: file:///usr/local/share/nvim/runtime/lua/vim/_editor.lua , size = 34.255 KB
[19:37:56.408][info] [#0:script/workspace/loading.lua:113]: ++++As library of:	file:///usr/local/share/nvim/runtime/lua
[19:37:56.409][info] [#0:script/workspace/loading.lua:98]: Skip loaded file: file:///usr/local/share/nvim/runtime/lua/vim/_editor.lua
[19:37:56.416][info] [#0:script/workspace/loading.lua:101]: Preload file at: file:///usr/local/share/nvim/runtime/lua/vim/_init_packages.lua , size = 2.801 KB
[19:37:56.427][info] [#0:script/workspace/loading.lua:113]: ++++As library of:	file:///usr/local/share/nvim/runtime/lua
[19:37:56.428][info] [#0:script/workspace/loading.lua:98]: Skip loaded file: file:///usr/local/share/nvim/runtime/lua/vim/_init_packages.lua
[19:37:56.432][info] [#0:script/workspace/loading.lua:101]: Preload file at: file:///usr/local/share/nvim/runtime/lua/vim/_inspector.lua , size = 7.906 KB
[19:37:56.451][info] [#0:script/workspace/loading.lua:113]: ++++As library of:	file:///usr/local/share/nvim/runtime/lua
[19:37:56.451][info] [#0:script/workspace/loading.lua:98]: Skip loaded file: file:///usr/local/share/nvim/runtime/lua/vim/_inspector.lua
[19:37:56.457][info] [#0:script/workspace/loading.lua:101]: Preload file at: file:///usr/local/share/nvim/runtime/lua/vim/_meta.lua , size = 12.966 KB
[19:37:56.484][info] [#0:script/workspace/loading.lua:113]: ++++As library of:	file:///usr/local/share/nvim/runtime/lua
[19:37:56.485][info] [#0:script/workspace/loading.lua:98]: Skip loaded file: file:///usr/local/share/nvim/runtime/lua/vim/_meta.lua
[19:37:56.491][info] [#0:script/workspace/loading.lua:101]: Preload file at: file:///usr/local/share/nvim/runtime/lua/vim/_system.lua , size = 8.166 KB
[19:37:56.520][info] [#0:script/workspace/loading.lua:113]: ++++As library of:	file:///usr/local/share/nvim/runtime/lua
[19:37:56.520][info] [#0:script/workspace/loading.lua:98]: Skip loaded file: file:///usr/local/share/nvim/runtime/lua/vim/_system.lua
[19:37:56.524][info] [#0:script/workspace/loading.lua:101]: Preload file at: file:///usr/local/share/nvim/runtime/lua/vim/_watch.lua , size = 7.003 KB
[19:37:56.540][info] [#0:script/workspace/loading.lua:113]: ++++As library of:	file:///usr/local/share/nvim/runtime/lua
[19:37:56.541][info] [#0:script/workspace/loading.lua:98]: Skip loaded file: file:///usr/local/share/nvim/runtime/lua/vim/_watch.lua
[19:37:56.547][info] [#0:script/workspace/loading.lua:101]: Preload file at: file:///usr/local/share/nvim/runtime/lua/vim/diagnostic.lua , size = 57.157 KB
[19:37:56.645][info] [#0:script/workspace/loading.lua:113]: ++++As library of:	file:///usr/local/share/nvim/runtime/lua
[19:37:56.646][info] [#0:script/workspace/loading.lua:98]: Skip loaded file: file:///usr/local/share/nvim/runtime/lua/vim/diagnostic.lua
[19:37:56.651][info] [#0:script/workspace/loading.lua:101]: Preload file at: file:///usr/local/share/nvim/runtime/lua/vim/filetype/detect.lua , size = 48.562 KB
[19:37:56.821][info] [#0:script/workspace/loading.lua:113]: ++++As library of:	file:///usr/local/share/nvim/runtime/lua
[19:37:56.821][info] [#0:script/workspace/loading.lua:98]: Skip loaded file: file:///usr/local/share/nvim/runtime/lua/vim/filetype/detect.lua
[19:37:56.824][info] [#0:script/workspace/loading.lua:101]: Preload file at: file:///usr/local/share/nvim/runtime/lua/vim/filetype/options.lua , size = 2.559 KB
[19:37:56.832][info] [#0:script/workspace/loading.lua:113]: ++++As library of:	file:///usr/local/share/nvim/runtime/lua
[19:37:56.832][info] [#0:script/workspace/loading.lua:98]: Skip loaded file: file:///usr/local/share/nvim/runtime/lua/vim/filetype/options.lua
[19:37:56.839][info] [#0:script/workspace/loading.lua:101]: Preload file at: file:///usr/local/share/nvim/runtime/lua/vim/filetype.lua , size = 75.038 KB
[19:37:56.986][info] [#0:script/workspace/loading.lua:113]: ++++As library of:	file:///usr/local/share/nvim/runtime/lua
[19:37:56.986][info] [#0:script/workspace/loading.lua:98]: Skip loaded file: file:///usr/local/share/nvim/runtime/lua/vim/filetype.lua
[19:37:56.990][info] [#0:script/workspace/loading.lua:101]: Preload file at: file:///usr/local/share/nvim/runtime/lua/vim/fs.lua , size = 10.771 KB
[19:37:57.006][info] [#0:script/workspace/loading.lua:113]: ++++As library of:	file:///usr/local/share/nvim/runtime/lua
[19:37:57.007][info] [#0:script/workspace/loading.lua:98]: Skip loaded file: file:///usr/local/share/nvim/runtime/lua/vim/fs.lua
[19:37:57.012][info] [#0:script/workspace/loading.lua:101]: Preload file at: file:///usr/local/share/nvim/runtime/lua/vim/health.lua , size = 9.167 KB
[19:37:57.035][info] [#0:script/workspace/loading.lua:113]: ++++As library of:	file:///usr/local/share/nvim/runtime/lua
[19:37:57.036][info] [#0:script/workspace/loading.lua:98]: Skip loaded file: file:///usr/local/share/nvim/runtime/lua/vim/health.lua
[19:37:57.040][info] [#0:script/workspace/loading.lua:101]: Preload file at: file:///usr/local/share/nvim/runtime/lua/vim/highlight.lua , size = 3.658 KB
[19:37:57.047][info] [#0:script/workspace/loading.lua:113]: ++++As library of:	file:///usr/local/share/nvim/runtime/lua
[19:37:57.047][info] [#0:script/workspace/loading.lua:98]: Skip loaded file: file:///usr/local/share/nvim/runtime/lua/vim/highlight.lua
[19:37:57.052][info] [#0:script/workspace/loading.lua:101]: Preload file at: file:///usr/local/share/nvim/runtime/lua/vim/inspect.lua , size = 8.864 KB
[19:37:57.068][info] [#0:script/workspace/loading.lua:113]: ++++As library of:	file:///usr/local/share/nvim/runtime/lua
[19:37:57.068][info] [#0:script/workspace/loading.lua:98]: Skip loaded file: file:///usr/local/share/nvim/runtime/lua/vim/inspect.lua
[19:37:57.072][info] [#0:script/workspace/loading.lua:101]: Preload file at: file:///usr/local/share/nvim/runtime/lua/vim/iter.lua , size = 24.161 KB
[19:37:57.104][info] [#0:script/workspace/loading.lua:113]: ++++As library of:	file:///usr/local/share/nvim/runtime/lua
[19:37:57.105][info] [#0:script/workspace/loading.lua:98]: Skip loaded file: file:///usr/local/share/nvim/runtime/lua/vim/iter.lua
[19:37:57.110][info] [#0:script/workspace/loading.lua:101]: Preload file at: file:///usr/local/share/nvim/runtime/lua/vim/keymap.lua , size = 3.585 KB
[19:37:57.115][info] [#0:script/workspace/loading.lua:113]: ++++As library of:	file:///usr/local/share/nvim/runtime/lua
[19:37:57.116][info] [#0:script/workspace/loading.lua:98]: Skip loaded file: file:///usr/local/share/nvim/runtime/lua/vim/keymap.lua
[19:37:57.119][info] [#0:script/workspace/loading.lua:101]: Preload file at: file:///usr/local/share/nvim/runtime/lua/vim/loader.lua , size = 16.175 KB
[19:37:57.153][info] [#0:script/workspace/loading.lua:113]: ++++As library of:	file:///usr/local/share/nvim/runtime/lua
[19:37:57.153][info] [#0:script/workspace/loading.lua:98]: Skip loaded file: file:///usr/local/share/nvim/runtime/lua/vim/loader.lua
[19:37:57.158][info] [#0:script/workspace/loading.lua:89]: Skip loaded file: file:///usr/local/share/nvim/runtime/lua/vim/lsp/_dynamic.lua
[19:37:57.158][info] [#0:script/workspace/loading.lua:113]: ++++As library of:	file:///usr/local/share/nvim/runtime/lua
[19:37:57.158][info] [#0:script/workspace/loading.lua:89]: Skip loaded file: file:///usr/local/share/nvim/runtime/lua/vim/lsp/_dynamic.lua
[19:37:57.158][info] [#0:script/workspace/loading.lua:113]: ++++As library of:	file:///usr/local/share/nvim/runtime/lua
[19:37:57.164][info] [#0:script/workspace/loading.lua:89]: Skip loaded file: file:///usr/local/share/nvim/runtime/lua/vim/lsp/_snippet.lua
[19:37:57.164][info] [#0:script/workspace/loading.lua:113]: ++++As library of:	file:///usr/local/share/nvim/runtime/lua
[19:37:57.164][info] [#0:script/workspace/loading.lua:89]: Skip loaded file: file:///usr/local/share/nvim/runtime/lua/vim/lsp/_snippet.lua
[19:37:57.164][info] [#0:script/workspace/loading.lua:113]: ++++As library of:	file:///usr/local/share/nvim/runtime/lua
[19:37:57.169][info] [#0:script/workspace/loading.lua:89]: Skip loaded file: file:///usr/local/share/nvim/runtime/lua/vim/lsp/_watchfiles.lua
[19:37:57.169][info] [#0:script/workspace/loading.lua:113]: ++++As library of:	file:///usr/local/share/nvim/runtime/lua
[19:37:57.169][info] [#0:script/workspace/loading.lua:89]: Skip loaded file: file:///usr/local/share/nvim/runtime/lua/vim/lsp/_watchfiles.lua
[19:37:57.169][info] [#0:script/workspace/loading.lua:113]: ++++As library of:	file:///usr/local/share/nvim/runtime/lua
[19:37:57.173][info] [#0:script/workspace/loading.lua:89]: Skip loaded file: file:///usr/local/share/nvim/runtime/lua/vim/lsp/buf.lua
[19:37:57.173][info] [#0:script/workspace/loading.lua:113]: ++++As library of:	file:///usr/local/share/nvim/runtime/lua
[19:37:57.174][info] [#0:script/workspace/loading.lua:89]: Skip loaded file: file:///usr/local/share/nvim/runtime/lua/vim/lsp/buf.lua
[19:37:57.174][info] [#0:script/workspace/loading.lua:113]: ++++As library of:	file:///usr/local/share/nvim/runtime/lua
[19:37:57.179][info] [#0:script/workspace/loading.lua:89]: Skip loaded file: file:///usr/local/share/nvim/runtime/lua/vim/lsp/codelens.lua
[19:37:57.179][info] [#0:script/workspace/loading.lua:113]: ++++As library of:	file:///usr/local/share/nvim/runtime/lua
[19:37:57.179][info] [#0:script/workspace/loading.lua:89]: Skip loaded file: file:///usr/local/share/nvim/runtime/lua/vim/lsp/codelens.lua
[19:37:57.179][info] [#0:script/workspace/loading.lua:113]: ++++As library of:	file:///usr/local/share/nvim/runtime/lua
[19:37:57.183][info] [#0:script/workspace/loading.lua:89]: Skip loaded file: file:///usr/local/share/nvim/runtime/lua/vim/lsp/diagnostic.lua
[19:37:57.183][info] [#0:script/workspace/loading.lua:113]: ++++As library of:	file:///usr/local/share/nvim/runtime/lua
[19:37:57.183][info] [#0:script/workspace/loading.lua:89]: Skip loaded file: file:///usr/local/share/nvim/runtime/lua/vim/lsp/diagnostic.lua
[19:37:57.183][info] [#0:script/workspace/loading.lua:113]: ++++As library of:	file:///usr/local/share/nvim/runtime/lua
[19:37:57.184][info] [#0:script/workspace/loading.lua:89]: Skip loaded file: file:///usr/local/share/nvim/runtime/lua/vim/lsp/handlers.lua
[19:37:57.184][info] [#0:script/workspace/loading.lua:113]: ++++As library of:	file:///usr/local/share/nvim/runtime/lua
[19:37:57.185][info] [#0:script/workspace/loading.lua:89]: Skip loaded file: file:///usr/local/share/nvim/runtime/lua/vim/lsp/handlers.lua
[19:37:57.185][info] [#0:script/workspace/loading.lua:113]: ++++As library of:	file:///usr/local/share/nvim/runtime/lua
[19:37:57.186][info] [#0:script/workspace/loading.lua:89]: Skip loaded file: file:///usr/local/share/nvim/runtime/lua/vim/lsp/health.lua
[19:37:57.186][info] [#0:script/workspace/loading.lua:113]: ++++As library of:	file:///usr/local/share/nvim/runtime/lua
[19:37:57.186][info] [#0:script/workspace/loading.lua:89]: Skip loaded file: file:///usr/local/share/nvim/runtime/lua/vim/lsp/health.lua
[19:37:57.186][info] [#0:script/workspace/loading.lua:113]: ++++As library of:	file:///usr/local/share/nvim/runtime/lua
[19:37:57.187][info] [#0:script/workspace/loading.lua:89]: Skip loaded file: file:///usr/local/share/nvim/runtime/lua/vim/lsp/inlay_hint.lua
[19:37:57.187][info] [#0:script/workspace/loading.lua:113]: ++++As library of:	file:///usr/local/share/nvim/runtime/lua
[19:37:57.187][info] [#0:script/workspace/loading.lua:89]: Skip loaded file: file:///usr/local/share/nvim/runtime/lua/vim/lsp/inlay_hint.lua
[19:37:57.187][info] [#0:script/workspace/loading.lua:113]: ++++As library of:	file:///usr/local/share/nvim/runtime/lua
[19:37:57.189][info] [#0:script/workspace/loading.lua:89]: Skip loaded file: file:///usr/local/share/nvim/runtime/lua/vim/lsp/log.lua
[19:37:57.189][info] [#0:script/workspace/loading.lua:113]: ++++As library of:	file:///usr/local/share/nvim/runtime/lua
[19:37:57.189][info] [#0:script/workspace/loading.lua:89]: Skip loaded file: file:///usr/local/share/nvim/runtime/lua/vim/lsp/log.lua
[19:37:57.189][info] [#0:script/workspace/loading.lua:113]: ++++As library of:	file:///usr/local/share/nvim/runtime/lua
[19:37:57.190][info] [#0:script/workspace/loading.lua:89]: Skip loaded file: file:///usr/local/share/nvim/runtime/lua/vim/lsp/protocol.lua
[19:37:57.191][info] [#0:script/workspace/loading.lua:113]: ++++As library of:	file:///usr/local/share/nvim/runtime/lua
[19:37:57.191][info] [#0:script/workspace/loading.lua:89]: Skip loaded file: file:///usr/local/share/nvim/runtime/lua/vim/lsp/protocol.lua
[19:37:57.191][info] [#0:script/workspace/loading.lua:113]: ++++As library of:	file:///usr/local/share/nvim/runtime/lua
[19:37:57.191][info] [#0:script/workspace/loading.lua:89]: Skip loaded file: file:///usr/local/share/nvim/runtime/lua/vim/lsp/rpc.lua
[19:37:57.191][info] [#0:script/workspace/loading.lua:113]: ++++As library of:	file:///usr/local/share/nvim/runtime/lua
[19:37:57.192][info] [#0:script/workspace/loading.lua:89]: Skip loaded file: file:///usr/local/share/nvim/runtime/lua/vim/lsp/rpc.lua
[19:37:57.192][info] [#0:script/workspace/loading.lua:113]: ++++As library of:	file:///usr/local/share/nvim/runtime/lua
[19:37:57.192][info] [#0:script/workspace/loading.lua:89]: Skip loaded file: file:///usr/local/share/nvim/runtime/lua/vim/lsp/semantic_tokens.lua
[19:37:57.192][info] [#0:script/workspace/loading.lua:113]: ++++As library of:	file:///usr/local/share/nvim/runtime/lua
[19:37:57.192][info] [#0:script/workspace/loading.lua:89]: Skip loaded file: file:///usr/local/share/nvim/runtime/lua/vim/lsp/semantic_tokens.lua
[19:37:57.192][info] [#0:script/workspace/loading.lua:113]: ++++As library of:	file:///usr/local/share/nvim/runtime/lua
[19:37:57.192][info] [#0:script/workspace/loading.lua:89]: Skip loaded file: file:///usr/local/share/nvim/runtime/lua/vim/lsp/sync.lua
[19:37:57.193][info] [#0:script/workspace/loading.lua:113]: ++++As library of:	file:///usr/local/share/nvim/runtime/lua
[19:37:57.193][info] [#0:script/workspace/loading.lua:89]: Skip loaded file: file:///usr/local/share/nvim/runtime/lua/vim/lsp/sync.lua
[19:37:57.193][info] [#0:script/workspace/loading.lua:113]: ++++As library of:	file:///usr/local/share/nvim/runtime/lua
[19:37:57.193][info] [#0:script/workspace/loading.lua:89]: Skip loaded file: file:///usr/local/share/nvim/runtime/lua/vim/lsp/tagfunc.lua
[19:37:57.193][info] [#0:script/workspace/loading.lua:113]: ++++As library of:	file:///usr/local/share/nvim/runtime/lua
[19:37:57.193][info] [#0:script/workspace/loading.lua:89]: Skip loaded file: file:///usr/local/share/nvim/runtime/lua/vim/lsp/tagfunc.lua
[19:37:57.193][info] [#0:script/workspace/loading.lua:113]: ++++As library of:	file:///usr/local/share/nvim/runtime/lua
[19:37:57.193][info] [#0:script/workspace/loading.lua:89]: Skip loaded file: file:///usr/local/share/nvim/runtime/lua/vim/lsp/types/protocol.lua
[19:37:57.193][info] [#0:script/workspace/loading.lua:113]: ++++As library of:	file:///usr/local/share/nvim/runtime/lua
[19:37:57.193][info] [#0:script/workspace/loading.lua:89]: Skip loaded file: file:///usr/local/share/nvim/runtime/lua/vim/lsp/types/protocol.lua
[19:37:57.194][info] [#0:script/workspace/loading.lua:113]: ++++As library of:	file:///usr/local/share/nvim/runtime/lua
[19:37:57.194][info] [#0:script/workspace/loading.lua:89]: Skip loaded file: file:///usr/local/share/nvim/runtime/lua/vim/lsp/types.lua
[19:37:57.194][info] [#0:script/workspace/loading.lua:113]: ++++As library of:	file:///usr/local/share/nvim/runtime/lua
[19:37:57.194][info] [#0:script/workspace/loading.lua:89]: Skip loaded file: file:///usr/local/share/nvim/runtime/lua/vim/lsp/types.lua
[19:37:57.194][info] [#0:script/workspace/loading.lua:113]: ++++As library of:	file:///usr/local/share/nvim/runtime/lua
[19:37:57.194][info] [#0:script/workspace/loading.lua:89]: Skip loaded file: file:///usr/local/share/nvim/runtime/lua/vim/lsp/util.lua
[19:37:57.194][info] [#0:script/workspace/loading.lua:113]: ++++As library of:	file:///usr/local/share/nvim/runtime/lua
[19:37:57.194][info] [#0:script/workspace/loading.lua:89]: Skip loaded file: file:///usr/local/share/nvim/runtime/lua/vim/lsp/util.lua
[19:37:57.194][info] [#0:script/workspace/loading.lua:113]: ++++As library of:	file:///usr/local/share/nvim/runtime/lua
[19:37:57.196][info] [#0:script/workspace/loading.lua:101]: Preload file at: file:///usr/local/share/nvim/runtime/lua/vim/lsp.lua , size = 88.214 KB
[19:37:57.333][info] [#0:script/workspace/loading.lua:113]: ++++As library of:	file:///usr/local/share/nvim/runtime/lua
[19:37:57.333][info] [#0:script/workspace/loading.lua:98]: Skip loaded file: file:///usr/local/share/nvim/runtime/lua/vim/lsp.lua
[19:37:57.334][info] [#0:script/workspace/loading.lua:101]: Preload file at: file:///usr/local/share/nvim/runtime/lua/vim/re.lua , size = 6.369 KB
[19:37:57.356][info] [#0:script/workspace/loading.lua:113]: ++++As library of:	file:///usr/local/share/nvim/runtime/lua
[19:37:57.356][info] [#0:script/workspace/loading.lua:98]: Skip loaded file: file:///usr/local/share/nvim/runtime/lua/vim/re.lua
[19:37:57.356][info] [#0:script/workspace/loading.lua:101]: Preload file at: file:///usr/local/share/nvim/runtime/lua/vim/secure.lua , size = 4.824 KB
[19:37:57.366][info] [#0:script/workspace/loading.lua:113]: ++++As library of:	file:///usr/local/share/nvim/runtime/lua
[19:37:57.366][info] [#0:script/workspace/loading.lua:98]: Skip loaded file: file:///usr/local/share/nvim/runtime/lua/vim/secure.lua
[19:37:57.367][info] [#0:script/workspace/loading.lua:101]: Preload file at: file:///usr/local/share/nvim/runtime/lua/vim/shared.lua , size = 26.704 KB
[19:37:57.416][info] [#0:script/workspace/loading.lua:113]: ++++As library of:	file:///usr/local/share/nvim/runtime/lua
[19:37:57.417][info] [#0:script/workspace/loading.lua:98]: Skip loaded file: file:///usr/local/share/nvim/runtime/lua/vim/shared.lua
[19:37:57.417][info] [#0:script/workspace/loading.lua:101]: Preload file at: file:///usr/local/share/nvim/runtime/lua/vim/treesitter/_fold.lua , size = 9.370 KB
[19:37:57.436][info] [#0:script/workspace/loading.lua:113]: ++++As library of:	file:///usr/local/share/nvim/runtime/lua
[19:37:57.436][info] [#0:script/workspace/loading.lua:98]: Skip loaded file: file:///usr/local/share/nvim/runtime/lua/vim/treesitter/_fold.lua
[19:37:57.436][info] [#0:script/workspace/loading.lua:101]: Preload file at: file:///usr/local/share/nvim/runtime/lua/vim/treesitter/_meta.lua , size = 3.111 KB
[19:37:57.447][info] [#0:script/workspace/loading.lua:113]: ++++As library of:	file:///usr/local/share/nvim/runtime/lua
[19:37:57.447][info] [#0:script/workspace/loading.lua:98]: Skip loaded file: file:///usr/local/share/nvim/runtime/lua/vim/treesitter/_meta.lua
[19:37:57.448][info] [#0:script/workspace/loading.lua:101]: Preload file at: file:///usr/local/share/nvim/runtime/lua/vim/treesitter/_query_linter.lua , size = 10.007 KB
[19:37:57.468][info] [#0:script/workspace/loading.lua:113]: ++++As library of:	file:///usr/local/share/nvim/runtime/lua
[19:37:57.468][info] [#0:script/workspace/loading.lua:98]: Skip loaded file: file:///usr/local/share/nvim/runtime/lua/vim/treesitter/_query_linter.lua
[19:37:57.468][info] [#0:script/workspace/loading.lua:101]: Preload file at: file:///usr/local/share/nvim/runtime/lua/vim/treesitter/_range.lua , size = 3.733 KB
[19:37:57.481][info] [#0:script/workspace/loading.lua:113]: ++++As library of:	file:///usr/local/share/nvim/runtime/lua
[19:37:57.481][info] [#0:script/workspace/loading.lua:98]: Skip loaded file: file:///usr/local/share/nvim/runtime/lua/vim/treesitter/_range.lua
[19:37:57.481][info] [#0:script/workspace/loading.lua:101]: Preload file at: file:///usr/local/share/nvim/runtime/lua/vim/treesitter/dev.lua , size = 12.501 KB
[19:37:57.506][info] [#0:script/workspace/loading.lua:113]: ++++As library of:	file:///usr/local/share/nvim/runtime/lua
[19:37:57.507][info] [#0:script/workspace/loading.lua:98]: Skip loaded file: file:///usr/local/share/nvim/runtime/lua/vim/treesitter/dev.lua
[19:37:57.507][info] [#0:script/workspace/loading.lua:101]: Preload file at: file:///usr/local/share/nvim/runtime/lua/vim/treesitter/health.lua , size = 0.867 KB
[19:37:57.511][info] [#0:script/workspace/loading.lua:113]: ++++As library of:	file:///usr/local/share/nvim/runtime/lua
[19:37:57.512][info] [#0:script/workspace/loading.lua:98]: Skip loaded file: file:///usr/local/share/nvim/runtime/lua/vim/treesitter/health.lua
[19:37:57.512][info] [#0:script/workspace/loading.lua:101]: Preload file at: file:///usr/local/share/nvim/runtime/lua/vim/treesitter/highlighter.lua , size = 8.827 KB
[19:37:57.532][info] [#0:script/workspace/loading.lua:113]: ++++As library of:	file:///usr/local/share/nvim/runtime/lua
[19:37:57.532][info] [#0:script/workspace/loading.lua:98]: Skip loaded file: file:///usr/local/share/nvim/runtime/lua/vim/treesitter/highlighter.lua
[19:37:57.533][info] [#0:script/workspace/loading.lua:101]: Preload file at: file:///usr/local/share/nvim/runtime/lua/vim/treesitter/language.lua , size = 3.696 KB
[19:37:57.543][info] [#0:script/workspace/loading.lua:113]: ++++As library of:	file:///usr/local/share/nvim/runtime/lua
[19:37:57.543][info] [#0:script/workspace/loading.lua:98]: Skip loaded file: file:///usr/local/share/nvim/runtime/lua/vim/treesitter/language.lua
[19:37:57.549][info] [#0:script/workspace/loading.lua:101]: Preload file at: file:///usr/local/share/nvim/runtime/lua/vim/treesitter/languagetree.lua , size = 28.690 KB
[19:37:57.612][info] [#0:script/workspace/loading.lua:113]: ++++As library of:	file:///usr/local/share/nvim/runtime/lua
[19:37:57.613][info] [#0:script/workspace/loading.lua:89]: Skip loaded file: file:///usr/local/share/nvim/runtime/lua/vim/treesitter/languagetree.lua
[19:37:57.613][info] [#0:script/workspace/loading.lua:113]: ++++As library of:	file:///usr/local/share/nvim/runtime/lua
[19:37:57.615][info] [#0:script/workspace/loading.lua:101]: Preload file at: file:///usr/local/share/nvim/runtime/lua/vim/treesitter/query.lua , size = 25.969 KB
[19:37:57.662][info] [#0:script/workspace/loading.lua:113]: ++++As library of:	file:///usr/local/share/nvim/runtime/lua
[19:37:57.664][info] [#0:script/workspace/loading.lua:89]: Skip loaded file: file:///usr/local/share/nvim/runtime/lua/vim/treesitter/query.lua
[19:37:57.664][info] [#0:script/workspace/loading.lua:113]: ++++As library of:	file:///usr/local/share/nvim/runtime/lua
[19:37:57.665][info] [#0:script/workspace/loading.lua:101]: Preload file at: file:///usr/local/share/nvim/runtime/lua/vim/treesitter.lua , size = 15.218 KB
[19:37:57.697][info] [#0:script/workspace/loading.lua:113]: ++++As library of:	file:///usr/local/share/nvim/runtime/lua
[19:37:57.704][info] [#0:script/workspace/loading.lua:89]: Skip loaded file: file:///usr/local/share/nvim/runtime/lua/vim/treesitter.lua
[19:37:57.704][info] [#0:script/workspace/loading.lua:113]: ++++As library of:	file:///usr/local/share/nvim/runtime/lua
[19:37:57.706][info] [#0:script/workspace/loading.lua:101]: Preload file at: file:///usr/local/share/nvim/runtime/lua/vim/ui.lua , size = 5.015 KB
[19:37:57.717][info] [#0:script/workspace/loading.lua:113]: ++++As library of:	file:///usr/local/share/nvim/runtime/lua
[19:37:57.721][info] [#0:script/workspace/loading.lua:89]: Skip loaded file: file:///usr/local/share/nvim/runtime/lua/vim/ui.lua
[19:37:57.722][info] [#0:script/workspace/loading.lua:113]: ++++As library of:	file:///usr/local/share/nvim/runtime/lua
[19:37:57.723][info] [#0:script/workspace/loading.lua:101]: Preload file at: file:///usr/local/share/nvim/runtime/lua/vim/uri.lua , size = 3.356 KB
[19:37:57.731][info] [#0:script/workspace/loading.lua:113]: ++++As library of:	file:///usr/local/share/nvim/runtime/lua
[19:37:57.737][info] [#0:script/workspace/loading.lua:89]: Skip loaded file: file:///usr/local/share/nvim/runtime/lua/vim/uri.lua
[19:37:57.737][info] [#0:script/workspace/loading.lua:113]: ++++As library of:	file:///usr/local/share/nvim/runtime/lua
[19:37:57.738][info] [#0:script/workspace/loading.lua:101]: Preload file at: file:///usr/local/share/nvim/runtime/lua/vim/version.lua , size = 12.764 KB
[19:37:57.765][info] [#0:script/workspace/loading.lua:113]: ++++As library of:	file:///usr/local/share/nvim/runtime/lua
[19:37:57.771][info] [#0:script/workspace/loading.lua:89]: Skip loaded file: file:///usr/local/share/nvim/runtime/lua/vim/version.lua
[19:37:57.771][info] [#0:script/workspace/loading.lua:113]: ++++As library of:	file:///usr/local/share/nvim/runtime/lua
[19:37:57.773][info] [#0:script/workspace/loading.lua:101]: Preload file at: file:///home/mccleve/.local/share/nvim/mason/packages/lua-language-server/libexec/meta/Lua%205.4%20en-us%20utf8/string.lua , size = 6.313 KB
[19:37:57.785][info] [#0:script/workspace/loading.lua:113]: ++++As library of:	file:///home/mccleve/.local/share/nvim/mason/packages/lua-language-server/libexec/meta/Lua%205.4%20en-us%20utf8/string.lua
[19:37:57.792][info] [#0:script/workspace/loading.lua:89]: Skip loaded file: file:///home/mccleve/.local/share/nvim/mason/packages/lua-language-server/libexec/meta/Lua%205.4%20en-us%20utf8/string.lua
[19:37:57.792][info] [#0:script/workspace/loading.lua:113]: ++++As library of:	file:///home/mccleve/.local/share/nvim/mason/packages/lua-language-server/libexec/meta/Lua%205.4%20en-us%20utf8/string.lua
[19:37:57.793][info] [#0:script/workspace/loading.lua:173]: Loaded files takes [2.422] sec: <fallback>
[19:37:57.793][info] [#0:script/workspace/loading.lua:182]: Compile files takes [0.000] sec: <fallback>
[19:37:57.793][info] [#0:script/workspace/loading.lua:183]: Loaded finish:	<fallback>
[19:37:57.793][info] [#0:script/workspace/workspace.lua:379]: Preload finish at:	<fallback>
[19:37:57.982][info] [#0:script/workspace/loading.lua:101]: Preload file at: file:///home/mccleve/.config/nvim/lua/core/bootstrap.lua , size = 1.914 KB
[19:37:57.986][info] [#0:script/workspace/loading.lua:101]: Preload file at: file:///home/mccleve/.config/nvim/init.lua , size = 0.500 KB
[19:37:57.988][info] [#0:script/workspace/loading.lua:101]: Preload file at: file:///home/mccleve/.config/nvim/lua/core/default_config.lua , size = 3.102 KB
[19:37:57.991][info] [#0:script/workspace/loading.lua:101]: Preload file at: file:///home/mccleve/.config/nvim/lua/core/init.lua , size = 3.254 KB
[19:37:58.004][info] [#0:script/workspace/loading.lua:101]: Preload file at: file:///home/mccleve/.config/nvim/lua/core/mappings.lua , size = 10.096 KB
[19:37:58.035][info] [#0:script/workspace/loading.lua:101]: Preload file at: file:///home/mccleve/.config/nvim/lua/core/utils.lua , size = 3.455 KB
[19:37:58.042][info] [#0:script/workspace/loading.lua:101]: Preload file at: file:///home/mccleve/.config/nvim/lua/plugins/configs/cmp.lua , size = 3.072 KB
[19:37:58.049][info] [#0:script/workspace/loading.lua:101]: Preload file at: file:///home/mccleve/.config/nvim/lua/plugins/configs/lazy_nvim.lua , size = 0.846 KB
[19:37:58.050][info] [#0:script/workspace/loading.lua:101]: Preload file at: file:///home/mccleve/.config/nvim/lua/plugins/configs/lspconfig.lua , size = 1.753 KB
[19:37:58.054][info] [#0:script/workspace/loading.lua:101]: Preload file at: file:///home/mccleve/.config/nvim/lua/plugins/configs/mason.lua , size = 0.581 KB
[19:37:58.055][info] [#0:script/workspace/loading.lua:101]: Preload file at: file:///home/mccleve/.config/nvim/lua/plugins/configs/nvimtree.lua , size = 1.479 KB
[19:37:58.058][info] [#0:script/workspace/loading.lua:101]: Preload file at: file:///home/mccleve/.config/nvim/lua/plugins/configs/others.lua , size = 1.620 KB
[19:37:58.061][info] [#0:script/workspace/loading.lua:101]: Preload file at: file:///home/mccleve/.config/nvim/lua/plugins/configs/telescope.lua , size = 1.626 KB
[19:37:58.064][info] [#0:script/workspace/loading.lua:101]: Preload file at: file:///home/mccleve/.config/nvim/lua/plugins/configs/treesitter.lua , size = 0.165 KB
[19:37:58.065][info] [#0:script/workspace/loading.lua:101]: Preload file at: file:///home/mccleve/.config/nvim/lua/plugins/init.lua , size = 7.333 KB
[19:37:58.084][info] [#0:script/workspace/loading.lua:173]: Loaded files takes [2.516] sec: file:///home/mccleve/.config/nvim
[19:37:58.085][info] [#0:script/workspace/loading.lua:182]: Compile files takes [0.000] sec: file:///home/mccleve/.config/nvim
[19:37:58.085][info] [#0:script/workspace/loading.lua:183]: Loaded finish:	file:///home/mccleve/.config/nvim
[19:37:58.085][info] [#0:script/workspace/workspace.lua:379]: Preload finish at:	file:///home/mccleve/.config/nvim
[19:37:58.165][info] [#0:script/provider/diagnostic.lua:557]: Diagnostics scope [file:///home/mccleve/.config/nvim], files count:[150]
[19:37:58.170][warn] [#0:script/proto/proto.lua:187]: Method [textDocument/didOpen] takes [2.625]sec. {
  jsonrpc = "2.0",
  method = "textDocument/didOpen",
  params = {
    textDocument = {
      languageId = "lua",
      text = '"***"',
      uri = "file:///home/mccleve/.config/nvim/lua/custom/mappings.lua",
      version = 0
    }
  }
}
[19:38:00.203][info] [#0:script/provider/diagnostic.lua:574]: Diagnostics scope [file:///home/mccleve/.config/nvim] finished, takes [1.125] sec.
[19:38:43.849][info] [#0:script/provider/diagnostic.lua:557]: Diagnostics scope [file:///home/mccleve/.config/nvim], files count:[150]
[19:38:44.071][info] [#0:script/provider/diagnostic.lua:574]: Diagnostics scope [file:///home/mccleve/.config/nvim] finished, takes [0.156] sec.
[19:39:04.856][info] [#0:script/provider/diagnostic.lua:557]: Diagnostics scope [file:///home/mccleve/.config/nvim], files count:[151]
[19:39:05.349][info] [#0:script/provider/diagnostic.lua:574]: Diagnostics scope [file:///home/mccleve/.config/nvim] finished, takes [0.188] sec.
[19:39:38.897][info] [#0:script/provider/diagnostic.lua:171]: clearDiagnostics	file:///home/mccleve/.config/nvim/lua/custom/chadrc.lua
[19:40:06.885][info] [#0:script/provider/diagnostic.lua:557]: Diagnostics scope [file:///home/mccleve/.config/nvim], files count:[151]
[19:40:07.249][info] [#0:script/provider/diagnostic.lua:574]: Diagnostics scope [file:///home/mccleve/.config/nvim] finished, takes [0.281] sec.
[19:43:08.973][info] [#0:script/provider/diagnostic.lua:557]: Diagnostics scope [file:///home/mccleve/.config/nvim], files count:[149]
[19:43:09.150][info] [#0:script/provider/diagnostic.lua:574]: Diagnostics scope [file:///home/mccleve/.config/nvim] finished, takes [0.141] sec.
[19:43:11.172][info] [#0:script/provider/diagnostic.lua:557]: Diagnostics scope [file:///home/mccleve/.config/nvim], files count:[149]
[19:43:11.295][info] [#0:script/provider/diagnostic.lua:574]: Diagnostics scope [file:///home/mccleve/.config/nvim] finished, takes [0.078] sec.
[19:47:53.027][info] [#0:script/service/service.lua:144]: 
========= Medical Examination Report =========
    --------------- Memory ---------------
        Total: 90.966 MB
        # 00 : 90.510 MB
        # 01 : 0.182 MB
        # 02 : 0.052 MB
        # 03 : 0.052 MB
        # 04 : 0.169 MB
    --------------- Coroutine ---------------
        Total:     1
        Running:   0
        Suspended: 0
        Normal:    0
        Dead:      1
    --------------- Cache ---------------
        Total: 1
        Dead:  0
    ---------------  RPC  ---------------
        Holdon:   0
        Waiting:  0
==============================================
[19:51:37.950][info] [#0:script/provider/provider.lua:169]: Server shutdown.
[19:51:38.051][info] [#0:script/provider/provider.lua:162]: Server exited.
